#
# A fatal error has been detected by the Java Runtime Environment:
#
#  EXCEPTION_ACCESS_VIOLATION (0xc0000005) at pc=0x00007ffc02c0f61d, pid=13256, tid=18572
#
# JRE version: Java(TM) SE Runtime Environment (21.0.3+7) (build 21.0.3+7-LTS-152)
# Java VM: Java HotSpot(TM) 64-Bit Server VM (21.0.3+7-LTS-152, mixed mode, sharing, tiered, compressed oops, compressed class ptrs, g1 gc, windows-amd64)
# Problematic frame:
# C  [lwjgl_opengl.dll+0xf61d]
#
# No core dump will be written. Minidumps are not enabled by default on client versions of Windows
#
# If you would like to submit a bug report, please visit:
#   https://bugreport.java.com/bugreport/crash.jsp
# The crash happened outside the Java Virtual Machine in native code.
# See problematic frame for where to report the bug.
#

---------------  S U M M A R Y ------------

Command Line: -Dfile.encoding=UTF-8 -Dstdout.encoding=UTF-8 -Dstderr.encoding=UTF-8 -XX:+ShowCodeDetailsInExceptionMessages shaderNew.Main

Host: Intel(R) Core(TM) i5-5300U CPU @ 2.30GHz, 4 cores, 15G,  Windows 10 , 64 bit Build 19041 (10.0.19041.4597)
Time: Sat Jul 27 17:12:27 2024 Hora est. Pacífico, Sudamérica elapsed time: 0.758214 seconds (0d 0h 0m 0s)

---------------  T H R E A D  ---------------

Current thread (0x0000017eac5b6390):  JavaThread "main"             [_thread_in_native, id=18572, stack(0x0000004834800000,0x0000004834900000) (1024K)]

Stack: [0x0000004834800000,0x0000004834900000],  sp=0x00000048348ff408,  free space=1021k
Native frames: (J=compiled Java code, j=interpreted, Vv=VM code, C=native code)
C  [lwjgl_opengl.dll+0xf61d]

Java frames: (J=compiled Java code, j=interpreted, Vv=VM code)
j  org.lwjgl.opengl.GL30C.nglGenFramebuffers(IJ)V+0
j  org.lwjgl.opengl.GL30C.glGenFramebuffers()I+20
j  org.lwjgl.opengl.GL30.glGenFramebuffers()I+0
j  shaderNew.Main.initShadowMap()V+1
j  shaderNew.Main.init()V+1
j  shaderNew.Main.run()V+1
j  shaderNew.Main.main([Ljava/lang/String;)V+7
v  ~StubRoutines::call_stub 0x0000017ebe0c100d

siginfo: EXCEPTION_ACCESS_VIOLATION (0xc0000005), reading address 0x00000000000012e8


Registers:
RAX=0x0000017ecd663a70, RBX=0x0000017f0f5a2610, RCX=0x0000000000000001, RDX=0x0000017ecd67a74c
RSP=0x00000048348ff408, RBP=0x00000048348ff498, RSI=0x0000017f0f10ecc0, RDI=0x0000017ebe0c893e
R8 =0x0000000000000001, R9 =0x0000017ecd67a74c, R10=0x0000000000000000, R11=0x00000007116c49d8
R12=0x0000000000000000, R13=0x0000017f0f5a2610, R14=0x00000048348ff4c8, R15=0x0000017eac5b6390
RIP=0x00007ffc02c0f61d, EFLAGS=0x0000000000010206


Register to memory mapping:

RAX=0x0000017ecd663a70 points into unknown readable memory: 0x0000000000000000 | 00 00 00 00 00 00 00 00
RBX={method} {0x0000017f0f5a2618} 'nglGenFramebuffers' '(IJ)V' in 'org/lwjgl/opengl/GL30C'
RCX=0x0000000000000001 is an unknown value
RDX=0x0000017ecd67a74c points into unknown readable memory: 00 00 00 00
RSP=0x00000048348ff408 is pointing into the stack for thread: 0x0000017eac5b6390
RBP=0x00000048348ff498 is pointing into the stack for thread: 0x0000017eac5b6390
RSI=0x0000017f0f10ecc0 is pointing into metadata
RDI=0x0000017ebe0c893e is at code_begin+1406 in an Interpreter codelet
return entry points  [0x0000017ebe0c83c0, 0x0000017ebe0c8f60]  2976 bytes
R8 =0x0000000000000001 is an unknown value
R9 =0x0000017ecd67a74c points into unknown readable memory: 00 00 00 00
R10=0x0 is null
R11=0x00000007116c49d8 is an oop: java.lang.Class 
{0x00000007116c49d8} - klass: 'java/lang/Class'
 - ---- fields (total size 130 words):
 - private volatile transient 'classRedefinedCount' 'I' @12  0 (0x00000000)
 - injected 'klass' 'J' @16  1644150487072 (0x0000017ecf017820)
 - injected 'array_klass' 'J' @24  0 (0x0000000000000000)
 - injected 'oop_size' 'I' @32  130 (0x00000082)
 - injected 'static_oop_field_count' 'I' @36  0 (0x00000000)
 - private volatile transient 'cachedConstructor' 'Ljava/lang/reflect/Constructor;' @40  null (0x00000000)
 - private transient 'name' 'Ljava/lang/String;' @44  "org.lwjgl.opengl.GL30C"{0x00000007116c4de8} (0xe22d89bd)
 - private transient 'module' 'Ljava/lang/Module;' @48  a 'java/lang/Module'{0x0000000711d32398} (0xe23a6473)
 - private final 'classLoader' 'Ljava/lang/ClassLoader;' @52  a 'jdk/internal/loader/ClassLoaders$AppClassLoader'{0x0000000711d321d8} (0xe23a643b)
 - private transient 'classData' 'Ljava/lang/Object;' @56  null (0x00000000)
 - private transient 'packageName' 'Ljava/lang/String;' @60  "org.lwjgl.opengl"{0x0000000711a2eb90} (0xe2345d72)
 - private final 'componentType' 'Ljava/lang/Class;' @64  null (0x00000000)
 - private volatile transient 'reflectionData' 'Ljava/lang/ref/SoftReference;' @68  null (0x00000000)
 - private volatile transient 'genericInfo' 'Lsun/reflect/generics/repository/ClassRepository;' @72  null (0x00000000)
 - private volatile transient 'enumConstants' '[Ljava/lang/Object;' @76  null (0x00000000)
 - private volatile transient 'enumConstantDirectory' 'Ljava/util/Map;' @80  null (0x00000000)
 - private volatile transient 'annotationData' 'Ljava/lang/Class$AnnotationData;' @84  null (0x00000000)
 - private volatile transient 'annotationType' 'Lsun/reflect/annotation/AnnotationType;' @88  null (0x00000000)
 - transient 'classValueMap' 'Ljava/lang/ClassValue$ClassValueMap;' @92  null (0x00000000)
 - injected 'protection_domain' 'Ljava/lang/Object;' @96  a 'java/security/ProtectionDomain'{0x0000000711a3b788} (0xe23476f1)
 - injected 'signers_name' 'Ljava/lang/Object;' @100  null (0x00000000)
 - injected 'source_file' 'Ljava/lang/Object;' @104  null (0x00000000)
 - signature: Lorg/lwjgl/opengl/GL30C;
 - ---- static fields (0):
 - public static final 'GL_MAJOR_VERSION' 'I' @112  33307 (0x0000821b)
 - public static final 'GL_MINOR_VERSION' 'I' @116  33308 (0x0000821c)
 - public static final 'GL_NUM_EXTENSIONS' 'I' @120  33309 (0x0000821d)
 - public static final 'GL_CONTEXT_FLAGS' 'I' @124  33310 (0x0000821e)
 - public static final 'GL_CONTEXT_FLAG_FORWARD_COMPATIBLE_BIT' 'I' @128  1 (0x00000001)
 - public static final 'GL_COMPARE_REF_TO_TEXTURE' 'I' @132  34894 (0x0000884e)
 - public static final 'GL_CLIP_DISTANCE0' 'I' @136  12288 (0x00003000)
 - public static final 'GL_CLIP_DISTANCE1' 'I' @140  12289 (0x00003001)
 - public static final 'GL_CLIP_DISTANCE2' 'I' @144  12290 (0x00003002)
 - public static final 'GL_CLIP_DISTANCE3' 'I' @148  12291 (0x00003003)
 - public static final 'GL_CLIP_DISTANCE4' 'I' @152  12292 (0x00003004)
 - public static final 'GL_CLIP_DISTANCE5' 'I' @156  12293 (0x00003005)
 - public static final 'GL_CLIP_DISTANCE6' 'I' @160  12294 (0x00003006)
 - public static final 'GL_CLIP_DISTANCE7' 'I' @164  12295 (0x00003007)
 - public static final 'GL_MAX_CLIP_DISTANCES' 'I' @168  3378 (0x00000d32)
 - public static final 'GL_MAX_VARYING_COMPONENTS' 'I' @172  35659 (0x00008b4b)
 - public static final 'GL_VERTEX_ATTRIB_ARRAY_INTEGER' 'I' @176  35069 (0x000088fd)
 - public static final 'GL_SAMPLER_1D_ARRAY' 'I' @180  36288 (0x00008dc0)
 - public static final 'GL_SAMPLER_2D_ARRAY' 'I' @184  36289 (0x00008dc1)
 - public static final 'GL_SAMPLER_1D_ARRAY_SHADOW' 'I' @188  36291 (0x00008dc3)
 - public static final 'GL_SAMPLER_2D_ARRAY_SHADOW' 'I' @192  36292 (0x00008dc4)
 - public static final 'GL_SAMPLER_CUBE_SHADOW' 'I' @196  36293 (0x00008dc5)
 - public static final 'GL_UNSIGNED_INT_VEC2' 'I' @200  36294 (0x00008dc6)
 - public static final 'GL_UNSIGNED_INT_VEC3' 'I' @204  36295 (0x00008dc7)
 - public static final 'GL_UNSIGNED_INT_VEC4' 'I' @208  36296 (0x00008dc8)
 - public static final 'GL_INT_SAMPLER_1D' 'I' @212  36297 (0x00008dc9)
 - public static final 'GL_INT_SAMPLER_2D' 'I' @216  36298 (0x00008dca)
 - public static final 'GL_INT_SAMPLER_3D' 'I' @220  36299 (0x00008dcb)
 - public static final 'GL_INT_SAMPLER_CUBE' 'I' @224  36300 (0x00008dcc)
 - public static final 'GL_INT_SAMPLER_1D_ARRAY' 'I' @228  36302 (0x00008dce)
 - public static final 'GL_INT_SAMPLER_2D_ARRAY' 'I' @232  36303 (0x00008dcf)
 - public static final 'GL_UNSIGNED_INT_SAMPLER_1D' 'I' @236  36305 (0x00008dd1)
 - public static final 'GL_UNSIGNED_INT_SAMPLER_2D' 'I' @240  36306 (0x00008dd2)
 - public static final 'GL_UNSIGNED_INT_SAMPLER_3D' 'I' @244  36307 (0x00008dd3)
 - public static final 'GL_UNSIGNED_INT_SAMPLER_CUBE' 'I' @248  36308 (0x00008dd4)
 - public static final 'GL_UNSIGNED_INT_SAMPLER_1D_ARRAY' 'I' @252  36310 (0x00008dd6)
 - public static final 'GL_UNSIGNED_INT_SAMPLER_2D_ARRAY' 'I' @256  36311 (0x00008dd7)
 - public static final 'GL_MIN_PROGRAM_TEXEL_OFFSET' 'I' @260  35076 (0x00008904)
 - public static final 'GL_MAX_PROGRAM_TEXEL_OFFSET' 'I' @264  35077 (0x00008905)
 - public static final 'GL_QUERY_WAIT' 'I' @268  36371 (0x00008e13)
 - public static final 'GL_QUERY_NO_WAIT' 'I' @272  36372 (0x00008e14)
 - public static final 'GL_QUERY_BY_REGION_WAIT' 'I' @276  36373 (0x00008e15)
 - public static final 'GL_QUERY_BY_REGION_NO_WAIT' 'I' @280  36374 (0x00008e16)
 - public static final 'GL_MAP_READ_BIT' 'I' @284  1 (0x00000001)
 - public static final 'GL_MAP_WRITE_BIT' 'I' @288  2 (0x00000002)
 - public static final 'GL_MAP_INVALIDATE_RANGE_BIT' 'I' @292  4 (0x00000004)
 - public static final 'GL_MAP_INVALIDATE_BUFFER_BIT' 'I' @296  8 (0x00000008)
 - public static final 'GL_MAP_FLUSH_EXPLICIT_BIT' 'I' @300  16 (0x00000010)
 - public static final 'GL_MAP_UNSYNCHRONIZED_BIT' 'I' @304  32 (0x00000020)
 - public static final 'GL_BUFFER_ACCESS_FLAGS' 'I' @308  37151 (0x0000911f)
 - public static final 'GL_BUFFER_MAP_LENGTH' 'I' @312  37152 (0x00009120)
 - public static final 'GL_BUFFER_MAP_OFFSET' 'I' @316  37153 (0x00009121)
 - public static final 'GL_CLAMP_READ_COLOR' 'I' @320  35100 (0x0000891c)
 - public static final 'GL_FIXED_ONLY' 'I' @324  35101 (0x0000891d)
 - public static final 'GL_DEPTH_COMPONENT32F' 'I' @328  36012 (0x00008cac)
 - public static final 'GL_DEPTH32F_STENCIL8' 'I' @332  36013 (0x00008cad)
 - public static final 'GL_FLOAT_32_UNSIGNED_INT_24_8_REV' 'I' @336  36269 (0x00008dad)
 - public static final 'GL_TEXTURE_RED_TYPE' 'I' @340  35856 (0x00008c10)
 - public static final 'GL_TEXTURE_GREEN_TYPE' 'I' @344  35857 (0x00008c11)
 - public static final 'GL_TEXTURE_BLUE_TYPE' 'I' @348  35858 (0x00008c12)
 - public static final 'GL_TEXTURE_ALPHA_TYPE' 'I' @352  35859 (0x00008c13)
 - public static final 'GL_TEXTURE_DEPTH_TYPE' 'I' @356  35862 (0x00008c16)
 - public static final 'GL_UNSIGNED_NORMALIZED' 'I' @360  35863 (0x00008c17)
 - public static final 'GL_RGBA32F' 'I' @364  34836 (0x00008814)
 - public static final 'GL_RGB32F' 'I' @368  34837 (0x00008815)
 - public static final 'GL_RGBA16F' 'I' @372  34842 (0x0000881a)
 - public static final 'GL_RGB16F' 'I' @376  34843 (0x0000881b)
 - public static final 'GL_R11F_G11F_B10F' 'I' @380  35898 (0x00008c3a)
 - public static final 'GL_UNSIGNED_INT_10F_11F_11F_REV' 'I' @384  35899 (0x00008c3b)
 - public static final 'GL_RGB9_E5' 'I' @388  35901 (0x00008c3d)
 - public static final 'GL_UNSIGNED_INT_5_9_9_9_REV' 'I' @392  35902 (0x00008c3e)
 - public static final 'GL_TEXTURE_SHARED_SIZE' 'I' @396  35903 (0x00008c3f)
 - public static final 'GL_FRAMEBUFFER' 'I' @400  36160 (0x00008d40)
 - public static final 'GL_READ_FRAMEBUFFER' 'I' @404  36008 (0x00008ca8)
 - public static final 'GL_DRAW_FRAMEBUFFER' 'I' @408  36009 (0x00008ca9)
 - public static final 'GL_RENDERBUFFER' 'I' @412  36161 (0x00008d41)
 - public static final 'GL_STENCIL_INDEX1' 'I' @416  36166 (0x00008d46)
 - public static final 'GL_STENCIL_INDEX4' 'I' @420  36167 (0x00008d47)
 - public static final 'GL_STENCIL_INDEX8' 'I' @424  36168 (0x00008d48)
 - public static final 'GL_STENCIL_INDEX16' 'I' @428  36169 (0x00008d49)
 - public static final 'GL_RENDERBUFFER_WIDTH' 'I' @432  36162 (0x00008d42)
 - public static final 'GL_RENDERBUFFER_HEIGHT' 'I' @436  36163 (0x00008d43)
 - public static final 'GL_RENDERBUFFER_INTERNAL_FORMAT' 'I' @440  36164 (0x00008d44)
 - public static final 'GL_RENDERBUFFER_RED_SIZE' 'I' @444  36176 (0x00008d50)
 - public static final 'GL_RENDERBUFFER_GREEN_SIZE' 'I' @448  36177 (0x00008d51)
 - public static final 'GL_RENDERBUFFER_BLUE_SIZE' 'I' @452  36178 (0x00008d52)
 - public static final 'GL_RENDERBUFFER_ALPHA_SIZE' 'I' @456  36179 (0x00008d53)
 - public static final 'GL_RENDERBUFFER_DEPTH_SIZE' 'I' @460  36180 (0x00008d54)
 - public static final 'GL_RENDERBUFFER_STENCIL_SIZE' 'I' @464  36181 (0x00008d55)
 - public static final 'GL_RENDERBUFFER_SAMPLES' 'I' @468  36011 (0x00008cab)
 - public static final 'GL_FRAMEBUFFER_ATTACHMENT_OBJECT_TYPE' 'I' @472  36048 (0x00008cd0)
 - public static final 'GL_FRAMEBUFFER_ATTACHMENT_OBJECT_NAME' 'I' @476  36049 (0x00008cd1)
 - public static final 'GL_FRAMEBUFFER_ATTACHMENT_TEXTURE_LEVEL' 'I' @480  36050 (0x00008cd2)
 - public static final 'GL_FRAMEBUFFER_ATTACHMENT_TEXTURE_CUBE_MAP_FACE' 'I' @484  36051 (0x00008cd3)
 - public static final 'GL_FRAMEBUFFER_ATTACHMENT_TEXTURE_LAYER' 'I' @488  36052 (0x00008cd4)
 - public static final 'GL_FRAMEBUFFER_ATTACHMENT_COLOR_ENCODING' 'I' @492  33296 (0x00008210)
 - public static final 'GL_FRAMEBUFFER_ATTACHMENT_COMPONENT_TYPE' 'I' @496  33297 (0x00008211)
 - public static final 'GL_FRAMEBUFFER_ATTACHMENT_RED_SIZE' 'I' @500  33298 (0x00008212)
 - public static final 'GL_FRAMEBUFFER_ATTACHMENT_GREEN_SIZE' 'I' @504  33299 (0x00008213)
 - public static final 'GL_FRAMEBUFFER_ATTACHMENT_BLUE_SIZE' 'I' @508  33300 (0x00008214)
 - public static final 'GL_FRAMEBUFFER_ATTACHMENT_ALPHA_SIZE' 'I' @512  33301 (0x00008215)
 - public static final 'GL_FRAMEBUFFER_ATTACHMENT_DEPTH_SIZE' 'I' @516  33302 (0x00008216)
 - public static final 'GL_FRAMEBUFFER_ATTACHMENT_STENCIL_SIZE' 'I' @520  33303 (0x00008217)
 - public static final 'GL_FRAMEBUFFER_DEFAULT' 'I' @524  33304 (0x00008218)
 - public static final 'GL_COLOR_ATTACHMENT0' 'I' @528  36064 (0x00008ce0)
 - public static final 'GL_COLOR_ATTACHMENT1' 'I' @532  36065 (0x00008ce1)
 - public static final 'GL_COLOR_ATTACHMENT2' 'I' @536  36066 (0x00008ce2)
 - public static final 'GL_COLOR_ATTACHMENT3' 'I' @540  36067 (0x00008ce3)
 - public static final 'GL_COLOR_ATTACHMENT4' 'I' @544  36068 (0x00008ce4)
 - public static final 'GL_COLOR_ATTACHMENT5' 'I' @548  36069 (0x00008ce5)
 - public static final 'GL_COLOR_ATTACHMENT6' 'I' @552  36070 (0x00008ce6)
 - public static final 'GL_COLOR_ATTACHMENT7' 'I' @556  36071 (0x00008ce7)
 - public static final 'GL_COLOR_ATTACHMENT8' 'I' @560  36072 (0x00008ce8)
 - public static final 'GL_COLOR_ATTACHMENT9' 'I' @564  36073 (0x00008ce9)
 - public static final 'GL_COLOR_ATTACHMENT10' 'I' @568  36074 (0x00008cea)
 - public static final 'GL_COLOR_ATTACHMENT11' 'I' @572  36075 (0x00008ceb)
 - public static final 'GL_COLOR_ATTACHMENT12' 'I' @576  36076 (0x00008cec)
 - public static final 'GL_COLOR_ATTACHMENT13' 'I' @580  36077 (0x00008ced)
 - public static final 'GL_COLOR_ATTACHMENT14' 'I' @584  36078 (0x00008cee)
 - public static final 'GL_COLOR_ATTACHMENT15' 'I' @588  36079 (0x00008cef)
 - public static final 'GL_COLOR_ATTACHMENT16' 'I' @592  36080 (0x00008cf0)
 - public static final 'GL_COLOR_ATTACHMENT17' 'I' @596  36081 (0x00008cf1)
 - public static final 'GL_COLOR_ATTACHMENT18' 'I' @600  36082 (0x00008cf2)
 - public static final 'GL_COLOR_ATTACHMENT19' 'I' @604  36083 (0x00008cf3)
 - public static final 'GL_COLOR_ATTACHMENT20' 'I' @608  36084 (0x00008cf4)
 - public static final 'GL_COLOR_ATTACHMENT21' 'I' @612  36085 (0x00008cf5)
 - public static final 'GL_COLOR_ATTACHMENT22' 'I' @616  36086 (0x00008cf6)
 - public static final 'GL_COLOR_ATTACHMENT23' 'I' @620  36087 (0x00008cf7)
 - public static final 'GL_COLOR_ATTACHMENT24' 'I' @624  36088 (0x00008cf8)
 - public static final 'GL_COLOR_ATTACHMENT25' 'I' @628  36089 (0x00008cf9)
 - public static final 'GL_COLOR_ATTACHMENT26' 'I' @632  36090 (0x00008cfa)
 - public static final 'GL_COLOR_ATTACHMENT27' 'I' @636  36091 (0x00008cfb)
 - public static final 'GL_COLOR_ATTACHMENT28' 'I' @640  36092 (0x00008cfc)
 - public static final 'GL_COLOR_ATTACHMENT29' 'I' @644  36093 (0x00008cfd)
 - public static final 'GL_COLOR_ATTACHMENT30' 'I' @648  36094 (0x00008cfe)
 - public static final 'GL_COLOR_ATTACHMENT31' 'I' @652  36095 (0x00008cff)
 - public static final 'GL_DEPTH_ATTACHMENT' 'I' @656  36096 (0x00008d00)
 - public static final 'GL_STENCIL_ATTACHMENT' 'I' @660  36128 (0x00008d20)
 - public static final 'GL_DEPTH_STENCIL_ATTACHMENT' 'I' @664  33306 (0x0000821a)
 - public static final 'GL_MAX_SAMPLES' 'I' @668  36183 (0x00008d57)
 - public static final 'GL_FRAMEBUFFER_COMPLETE' 'I' @672  36053 (0x00008cd5)
 - public static final 'GL_FRAMEBUFFER_INCOMPLETE_ATTACHMENT' 'I' @676  36054 (0x00008cd6)
 - public static final 'GL_FRAMEBUFFER_INCOMPLETE_MISSING_ATTACHMENT' 'I' @680  36055 (0x00008cd7)
 - public static final 'GL_FRAMEBUFFER_INCOMPLETE_DRAW_BUFFER' 'I' @684  36059 (0x00008cdb)
 - public static final 'GL_FRAMEBUFFER_INCOMPLETE_READ_BUFFER' 'I' @688  36060 (0x00008cdc)
 - public static final 'GL_FRAMEBUFFER_UNSUPPORTED' 'I' @692  36061 (0x00008cdd)
 - public static final 'GL_FRAMEBUFFER_INCOMPLETE_MULTISAMPLE' 'I' @696  36182 (0x00008d56)
 - public static final 'GL_FRAMEBUFFER_UNDEFINED' 'I' @700  33305 (0x00008219)
 - public static final 'GL_FRAMEBUFFER_BINDING' 'I' @704  36006 (0x00008ca6)
 - public static final 'GL_DRAW_FRAMEBUFFER_BINDING' 'I' @708  36006 (0x00008ca6)
 - public static final 'GL_READ_FRAMEBUFFER_BINDING' 'I' @712  36010 (0x00008caa)
 - public static final 'GL_RENDERBUFFER_BINDING' 'I' @716  36007 (0x00008ca7)
 - public static final 'GL_MAX_COLOR_ATTACHMENTS' 'I' @720  36063 (0x00008cdf)
 - public static final 'GL_MAX_RENDERBUFFER_SIZE' 'I' @724  34024 (0x000084e8)
 - public static final 'GL_INVALID_FRAMEBUFFER_OPERATION' 'I' @728  1286 (0x00000506)
 - public static final 'GL_DEPTH_STENCIL' 'I' @732  34041 (0x000084f9)
 - public static final 'GL_UNSIGNED_INT_24_8' 'I' @736  34042 (0x000084fa)
 - public static final 'GL_DEPTH24_STENCIL8' 'I' @740  35056 (0x000088f0)
 - public static final 'GL_TEXTURE_STENCIL_SIZE' 'I' @744  35057 (0x000088f1)
 - public static final 'GL_HALF_FLOAT' 'I' @748  5131 (0x0000140b)
 - public static final 'GL_RGBA32UI' 'I' @752  36208 (0x00008d70)
 - public static final 'GL_RGB32UI' 'I' @756  36209 (0x00008d71)
 - public static final 'GL_RGBA16UI' 'I' @760  36214 (0x00008d76)
 - public static final 'GL_RGB16UI' 'I' @764  36215 (0x00008d77)
 - public static final 'GL_RGBA8UI' 'I' @768  36220 (0x00008d7c)
 - public static final 'GL_RGB8UI' 'I' @772  36221 (0x00008d7d)
 - public static final 'GL_RGBA32I' 'I' @776  36226 (0x00008d82)
 - public static final 'GL_RGB32I' 'I' @780  36227 (0x00008d83)
 - public static final 'GL_RGBA16I' 'I' @784  36232 (0x00008d88)
 - public static final 'GL_RGB16I' 'I' @788  36233 (0x00008d89)
 - public static final 'GL_RGBA8I' 'I' @792  36238 (0x00008d8e)
 - public static final 'GL_RGB8I' 'I' @796  36239 (0x00008d8f)
 - public static final 'GL_RED_INTEGER' 'I' @800  36244 (0x00008d94)
 - public static final 'GL_GREEN_INTEGER' 'I' @804  36245 (0x00008d95)
 - public static final 'GL_BLUE_INTEGER' 'I' @808  36246 (0x00008d96)
 - public static final 'GL_RGB_INTEGER' 'I' @812  36248 (0x00008d98)
 - public static final 'GL_RGBA_INTEGER' 'I' @816  36249 (0x00008d99)
 - public static final 'GL_BGR_INTEGER' 'I' @820  36250 (0x00008d9a)
 - public static final 'GL_BGRA_INTEGER' 'I' @824  36251 (0x00008d9b)
 - public static final 'GL_TEXTURE_1D_ARRAY' 'I' @828  35864 (0x00008c18)
 - public static final 'GL_TEXTURE_2D_ARRAY' 'I' @832  35866 (0x00008c1a)
 - public static final 'GL_PROXY_TEXTURE_2D_ARRAY' 'I' @836  35867 (0x00008c1b)
 - public static final 'GL_PROXY_TEXTURE_1D_ARRAY' 'I' @840  35865 (0x00008c19)
 - public static final 'GL_TEXTURE_BINDING_1D_ARRAY' 'I' @844  35868 (0x00008c1c)
 - public static final 'GL_TEXTURE_BINDING_2D_ARRAY' 'I' @848  35869 (0x00008c1d)
 - public static final 'GL_MAX_ARRAY_TEXTURE_LAYERS' 'I' @852  35071 (0x000088ff)
 - public static final 'GL_COMPRESSED_RED_RGTC1' 'I' @856  36283 (0x00008dbb)
 - public static final 'GL_COMPRESSED_SIGNED_RED_RGTC1' 'I' @860  36284 (0x00008dbc)
 - public static final 'GL_COMPRESSED_RG_RGTC2' 'I' @864  36285 (0x00008dbd)
 - public static final 'GL_COMPRESSED_SIGNED_RG_RGTC2' 'I' @868  36286 (0x00008dbe)
 - public static final 'GL_R8' 'I' @872  33321 (0x00008229)
 - public static final 'GL_R16' 'I' @876  33322 (0x0000822a)
 - public static final 'GL_RG8' 'I' @880  33323 (0x0000822b)
 - public static final 'GL_RG16' 'I' @884  33324 (0x0000822c)
 - public static final 'GL_R16F' 'I' @888  33325 (0x0000822d)
 - public static final 'GL_R32F' 'I' @892  33326 (0x0000822e)
 - public static final 'GL_RG16F' 'I' @896  33327 (0x0000822f)
 - public static final 'GL_RG32F' 'I' @900  33328 (0x00008230)
 - public static final 'GL_R8I' 'I' @904  33329 (0x00008231)
 - public static final 'GL_R8UI' 'I' @908  33330 (0x00008232)
 - public static final 'GL_R16I' 'I' @912  33331 (0x00008233)
 - public static final 'GL_R16UI' 'I' @916  33332 (0x00008234)
 - public static final 'GL_R32I' 'I' @920  33333 (0x00008235)
 - public static final 'GL_R32UI' 'I' @924  33334 (0x00008236)
 - public static final 'GL_RG8I' 'I' @928  33335 (0x00008237)
 - public static final 'GL_RG8UI' 'I' @932  33336 (0x00008238)
 - public static final 'GL_RG16I' 'I' @936  33337 (0x00008239)
 - public static final 'GL_RG16UI' 'I' @940  33338 (0x0000823a)
 - public static final 'GL_RG32I' 'I' @944  33339 (0x0000823b)
 - public static final 'GL_RG32UI' 'I' @948  33340 (0x0000823c)
 - public static final 'GL_RG' 'I' @952  33319 (0x00008227)
 - public static final 'GL_COMPRESSED_RED' 'I' @956  33317 (0x00008225)
 - public static final 'GL_COMPRESSED_RG' 'I' @960  33318 (0x00008226)
 - public static final 'GL_RG_INTEGER' 'I' @964  33320 (0x00008228)
 - public static final 'GL_TRANSFORM_FEEDBACK_BUFFER' 'I' @968  35982 (0x00008c8e)
 - public static final 'GL_TRANSFORM_FEEDBACK_BUFFER_START' 'I' @972  35972 (0x00008c84)
 - public static final 'GL_TRANSFORM_FEEDBACK_BUFFER_SIZE' 'I' @976  35973 (0x00008c85)
 - public static final 'GL_TRANSFORM_FEEDBACK_BUFFER_BINDING' 'I' @980  35983 (0x00008c8f)
 - public static final 'GL_INTERLEAVED_ATTRIBS' 'I' @984  35980 (0x00008c8c)
 - public static final 'GL_SEPARATE_ATTRIBS' 'I' @988  35981 (0x00008c8d)
 - public static final 'GL_PRIMITIVES_GENERATED' 'I' @992  35975 (0x00008c87)
 - public static final 'GL_TRANSFORM_FEEDBACK_PRIMITIVES_WRITTEN' 'I' @996  35976 (0x00008c88)
 - public static final 'GL_RASTERIZER_DISCARD' 'I' @1000  35977 (0x00008c89)
 - public static final 'GL_MAX_TRANSFORM_FEEDBACK_INTERLEAVED_COMPONENTS' 'I' @1004  35978 (0x00008c8a)
 - public static final 'GL_MAX_TRANSFORM_FEEDBACK_SEPARATE_ATTRIBS' 'I' @1008  35979 (0x00008c8b)
 - public static final 'GL_MAX_TRANSFORM_FEEDBACK_SEPARATE_COMPONENTS' 'I' @1012  35968 (0x00008c80)
 - public static final 'GL_TRANSFORM_FEEDBACK_VARYINGS' 'I' @1016  35971 (0x00008c83)
 - public static final 'GL_TRANSFORM_FEEDBACK_BUFFER_MODE' 'I' @1020  35967 (0x00008c7f)
 - public static final 'GL_TRANSFORM_FEEDBACK_VARYING_MAX_LENGTH' 'I' @1024  35958 (0x00008c76)
 - public static final 'GL_VERTEX_ARRAY_BINDING' 'I' @1028  34229 (0x000085b5)
 - public static final 'GL_FRAMEBUFFER_SRGB' 'I' @1032  36281 (0x00008db9)
R12=0x0 is null
R13={method} {0x0000017f0f5a2618} 'nglGenFramebuffers' '(IJ)V' in 'org/lwjgl/opengl/GL30C'
R14=0x00000048348ff4c8 is pointing into the stack for thread: 0x0000017eac5b6390
R15=0x0000017eac5b6390 is a thread

Top of Stack: (sp=0x00000048348ff408)
0x00000048348ff408:   0000017ebe0cce4b 0000017ebe0c893e
0x00000048348ff418:   0000017ebe0ccb22 0000017f0f5a2610
0x00000048348ff428:   0000017f0f10ecc0 00000048348ff448
0x00000048348ff438:   00000048348ff4b0 0000017ebe0c893e
0x00000048348ff448:   0000017ebe0ccadf 00000048348ff450
0x00000048348ff458:   0000017f0f5a2610 0000000000000006
0x00000048348ff468:   0000017f0f5db390 0000000000000000
0x00000048348ff478:   00000007116c49d8 0000017f0f5a2610
0x00000048348ff488:   0000000000000000 00000048348ff4b8
0x00000048348ff498:   00000048348ff518 0000017ebe0c8860
0x00000048348ff4a8:   00000007116c49d8 0000017ebe0ca3d7
0x00000048348ff4b8:   0000017ecd67a74c 0000000000000000
0x00000048348ff4c8:   0000000000000001 00000048348ff4d0
0x00000048348ff4d8:   0000017f0f5a2794 0000000000000006
0x00000048348ff4e8:   0000017f0f5db390 0000000000000000
0x00000048348ff4f8:   00000007116c49d8 0000017f0f5a2800
0x00000048348ff508:   00000048348ff4b8 00000048348ff550
0x00000048348ff518:   00000048348ff598 0000017ebe0c8988
0x00000048348ff528:   0000000000000000 0000000000000000
0x00000048348ff538:   00000007116d7930 0000000000010000
0x00000048348ff548:   00000007119d6100 00000048348ff550
0x00000048348ff558:   0000017f0f470038 0000000000000001
0x00000048348ff568:   0000017f0f4db088 0000000000000000
0x00000048348ff578:   0000000711b24c98 0000017f0f470050
0x00000048348ff588:   00000048348ff550 00000048348ff5a8
0x00000048348ff598:   00000048348ff5f8 0000017ebe0c8988
0x00000048348ff5a8:   0000000711a0bdd8 00000048348ff5b0
0x00000048348ff5b8:   0000017f0f402039 0000000000000002
0x00000048348ff5c8:   0000017f0f413768 0000000000000000
0x00000048348ff5d8:   0000000711d6a000 0000017f0f401f48
0x00000048348ff5e8:   00000048348ff5a8 00000048348ff608
0x00000048348ff5f8:   00000048348ff658 0000017ebe0c8860 

Instructions: (pc=0x00007ffc02c0f61d)
0x00007ffc02c0f51d:   49 ff a2 b0 12 00 00 cc cc cc cc cc cc cc cc cc
0x00007ffc02c0f52d:   cc cc cc 40 53 48 8b 01 41 8b d8 44 8b 44 24 30
0x00007ffc02c0f53d:   41 8b d1 44 8b 4c 24 38 8b cb 4c 8b 50 18 5b 49
0x00007ffc02c0f54d:   ff a2 b8 12 00 00 cc cc cc cc cc cc cc cc cc cc
0x00007ffc02c0f55d:   cc cc cc 40 53 48 8b 01 41 8b d8 44 8b 44 24 30
0x00007ffc02c0f56d:   41 8b d1 44 8b 4c 24 38 8b cb 4c 8b 50 18 8b 44
0x00007ffc02c0f57d:   24 40 89 44 24 30 5b 49 ff a2 c0 12 00 00 cc cc
0x00007ffc02c0f58d:   cc cc cc 48 8b 01 45 8b d8 4c 8b 44 24 28 41 8b
0x00007ffc02c0f59d:   d1 41 8b cb 4c 8b 50 18 49 ff a2 c8 12 00 00 cc
0x00007ffc02c0f5ad:   cc cc cc 48 8b 01 48 8b 48 18 48 8b 81 d0 12 00
0x00007ffc02c0f5bd:   00 41 8b c8 48 ff e0 cc cc cc cc cc cc cc cc cc
0x00007ffc02c0f5cd:   cc cc cc 48 8b 01 41 8b d1 41 8b c8 4c 8b 50 18
0x00007ffc02c0f5dd:   49 ff a2 d8 12 00 00 cc cc cc cc cc cc cc cc cc
0x00007ffc02c0f5ed:   cc cc cc 48 8b 01 49 8b d1 41 8b c8 4c 8b 50 18
0x00007ffc02c0f5fd:   49 ff a2 e0 12 00 00 cc cc cc cc cc cc cc cc cc
0x00007ffc02c0f60d:   cc cc cc 48 8b 01 49 8b d1 41 8b c8 4c 8b 50 18
0x00007ffc02c0f61d:   49 ff a2 e8 12 00 00 cc cc cc cc cc cc cc cc cc
0x00007ffc02c0f62d:   cc cc cc 48 8b 01 48 8b 48 18 48 8b 81 f0 12 00
0x00007ffc02c0f63d:   00 41 8b c8 48 ff e0 cc cc cc cc cc cc cc cc cc
0x00007ffc02c0f64d:   cc cc cc 40 53 48 8b 01 41 8b d8 44 8b 44 24 30
0x00007ffc02c0f65d:   41 8b d1 44 8b 4c 24 38 8b cb 4c 8b 50 18 8b 44
0x00007ffc02c0f66d:   24 40 89 44 24 30 5b 49 ff a2 f8 12 00 00 cc cc
0x00007ffc02c0f67d:   cc cc cc 40 53 48 8b 01 41 8b d8 44 8b 44 24 30
0x00007ffc02c0f68d:   41 8b d1 44 8b 4c 24 38 8b cb 4c 8b 50 18 8b 44
0x00007ffc02c0f69d:   24 40 89 44 24 30 5b 49 ff a2 00 13 00 00 cc cc
0x00007ffc02c0f6ad:   cc cc cc 40 53 48 8b 01 41 8b d8 44 8b 44 24 30
0x00007ffc02c0f6bd:   41 8b d1 44 8b 4c 24 38 8b cb 4c 8b 50 18 8b 44
0x00007ffc02c0f6cd:   24 48 89 44 24 38 8b 44 24 40 89 44 24 30 5b 49
0x00007ffc02c0f6dd:   ff a2 08 13 00 00 cc cc cc cc cc cc cc cc cc cc
0x00007ffc02c0f6ed:   cc cc cc 40 53 48 8b 01 41 8b d8 44 8b 44 24 30
0x00007ffc02c0f6fd:   41 8b d1 44 8b 4c 24 38 8b cb 4c 8b 50 18 8b 44
0x00007ffc02c0f70d:   24 40 89 44 24 30 5b 49 ff a2 10 13 00 00 cc cc 


Stack slot to memory mapping:

stack at sp + 0 slots: 0x0000017ebe0cce4b is at code_begin+1067 in an Interpreter codelet
native method entry point (kind = native)  [0x0000017ebe0cca20, 0x0000017ebe0cd548]  2856 bytes
stack at sp + 1 slots: 0x0000017ebe0c893e is at code_begin+1406 in an Interpreter codelet
return entry points  [0x0000017ebe0c83c0, 0x0000017ebe0c8f60]  2976 bytes
stack at sp + 2 slots: 0x0000017ebe0ccb22 is at code_begin+258 in an Interpreter codelet
native method entry point (kind = native)  [0x0000017ebe0cca20, 0x0000017ebe0cd548]  2856 bytes
stack at sp + 3 slots: {method} {0x0000017f0f5a2618} 'nglGenFramebuffers' '(IJ)V' in 'org/lwjgl/opengl/GL30C'
stack at sp + 4 slots: 0x0000017f0f10ecc0 is pointing into metadata
stack at sp + 5 slots: 0x00000048348ff448 is pointing into the stack for thread: 0x0000017eac5b6390
stack at sp + 6 slots: 0x00000048348ff4b0 is pointing into the stack for thread: 0x0000017eac5b6390
stack at sp + 7 slots: 0x0000017ebe0c893e is at code_begin+1406 in an Interpreter codelet
return entry points  [0x0000017ebe0c83c0, 0x0000017ebe0c8f60]  2976 bytes


---------------  P R O C E S S  ---------------

Threads class SMR info:
_java_thread_list=0x0000017ecd251150, length=11, elements={
0x0000017eac5b6390, 0x0000017eccffd940, 0x0000017eccffed40, 0x0000017ecd004f70,
0x0000017ecd0059d0, 0x0000017ecd006e50, 0x0000017ecd00a060, 0x0000017ecd019520,
0x0000017ecd01c770, 0x0000017ecd277d40, 0x0000017ecd285980
}

Java Threads: ( => current thread )
=>0x0000017eac5b6390 JavaThread "main"                              [_thread_in_native, id=18572, stack(0x0000004834800000,0x0000004834900000) (1024K)]
  0x0000017eccffd940 JavaThread "Reference Handler"          daemon [_thread_blocked, id=17828, stack(0x0000004835100000,0x0000004835200000) (1024K)]
  0x0000017eccffed40 JavaThread "Finalizer"                  daemon [_thread_blocked, id=21588, stack(0x0000004835200000,0x0000004835300000) (1024K)]
  0x0000017ecd004f70 JavaThread "Signal Dispatcher"          daemon [_thread_blocked, id=5072, stack(0x0000004835300000,0x0000004835400000) (1024K)]
  0x0000017ecd0059d0 JavaThread "Attach Listener"            daemon [_thread_blocked, id=15376, stack(0x0000004835400000,0x0000004835500000) (1024K)]
  0x0000017ecd006e50 JavaThread "Service Thread"             daemon [_thread_blocked, id=12032, stack(0x0000004835500000,0x0000004835600000) (1024K)]
  0x0000017ecd00a060 JavaThread "Monitor Deflation Thread"   daemon [_thread_blocked, id=21268, stack(0x0000004835600000,0x0000004835700000) (1024K)]
  0x0000017ecd019520 JavaThread "C2 CompilerThread0"         daemon [_thread_blocked, id=29072, stack(0x0000004835700000,0x0000004835800000) (1024K)]
  0x0000017ecd01c770 JavaThread "C1 CompilerThread0"         daemon [_thread_blocked, id=29040, stack(0x0000004835800000,0x0000004835900000) (1024K)]
  0x0000017ecd277d40 JavaThread "Notification Thread"        daemon [_thread_blocked, id=8488, stack(0x0000004835900000,0x0000004835a00000) (1024K)]
  0x0000017ecd285980 JavaThread "Common-Cleaner"             daemon [_thread_blocked, id=232, stack(0x0000004835a00000,0x0000004835b00000) (1024K)]
Total: 11

Other Threads:
  0x0000017eccfdd5c0 VMThread "VM Thread"                           [id=19588, stack(0x0000004834f00000,0x0000004835000000) (1024K)]
  0x0000017eccfc7d70 WatcherThread "VM Periodic Task Thread"        [id=27948, stack(0x0000004834e00000,0x0000004834f00000) (1024K)]
  0x0000017eae780da0 WorkerThread "GC Thread#0"                     [id=29560, stack(0x0000004834900000,0x0000004834a00000) (1024K)]
  0x0000017eae792dc0 ConcurrentGCThread "G1 Main Marker"            [id=9548, stack(0x0000004834a00000,0x0000004834b00000) (1024K)]
  0x0000017eae7938c0 WorkerThread "G1 Conc#0"                       [id=3180, stack(0x0000004834b00000,0x0000004834c00000) (1024K)]
  0x0000017ecce8b520 ConcurrentGCThread "G1 Refine#0"               [id=12392, stack(0x0000004834c00000,0x0000004834d00000) (1024K)]
  0x0000017ecce8cfb0 ConcurrentGCThread "G1 Service"                [id=5780, stack(0x0000004834d00000,0x0000004834e00000) (1024K)]
Total: 7

Threads with active compile tasks:
Total: 0

VM state: not at safepoint (normal execution)

VM Mutex/Monitor currently owned by a thread: None

Heap address: 0x0000000701e00000, size: 4066 MB, Compressed Oops mode: Zero based, Oop shift amount: 3

CDS archive(s) mapped at: [0x0000017ece000000-0x0000017ecec90000-0x0000017ecec90000), size 13172736, SharedBaseAddress: 0x0000017ece000000, ArchiveRelocationMode: 1.
Compressed class space mapped at: 0x0000017ecf000000-0x0000017f0f000000, reserved size: 1073741824
Narrow klass base: 0x0000017ece000000, Narrow klass shift: 0, Narrow klass range: 0x100000000

GC Precious Log:
 CardTable entry size: 512
 Card Set container configuration: InlinePtr #cards 4 size 8 Array Of Cards #cards 16 size 48 Howl #buckets 8 coarsen threshold 3686 Howl Bitmap #cards 512 size 80 coarsen threshold 460 Card regions per heap region 1 cards per card region 4096
 CPUs: 4 total, 4 available
 Memory: 16256M
 Large Page Support: Disabled
 NUMA Support: Disabled
 Compressed Oops: Enabled (Zero based)
 Heap Region Size: 2M
 Heap Min Capacity: 8M
 Heap Initial Capacity: 256M
 Heap Max Capacity: 4066M
 Pre-touch: Disabled
 Parallel Workers: 4
 Concurrent Workers: 1
 Concurrent Refinement Workers: 4
 Periodic GC: Disabled

Heap:
 garbage-first heap   total 262144K, used 6144K [0x0000000701e00000, 0x0000000800000000)
  region size 2048K, 4 young (8192K), 0 survivors (0K)
 Metaspace       used 3141K, committed 3328K, reserved 1114112K
  class space    used 152K, committed 256K, reserved 1048576K

Heap Regions: E=young(eden), S=young(survivor), O=old, HS=humongous(starts), HC=humongous(continues), CS=collection set, F=free, TAMS=top-at-mark-start, PB=parsable bottom
|   0|0x0000000701e00000, 0x0000000701e00000, 0x0000000702000000|  0%| F|  |TAMS 0x0000000701e00000| PB 0x0000000701e00000| Untracked 
|   1|0x0000000702000000, 0x0000000702000000, 0x0000000702200000|  0%| F|  |TAMS 0x0000000702000000| PB 0x0000000702000000| Untracked 
|   2|0x0000000702200000, 0x0000000702200000, 0x0000000702400000|  0%| F|  |TAMS 0x0000000702200000| PB 0x0000000702200000| Untracked 
|   3|0x0000000702400000, 0x0000000702400000, 0x0000000702600000|  0%| F|  |TAMS 0x0000000702400000| PB 0x0000000702400000| Untracked 
|   4|0x0000000702600000, 0x0000000702600000, 0x0000000702800000|  0%| F|  |TAMS 0x0000000702600000| PB 0x0000000702600000| Untracked 
|   5|0x0000000702800000, 0x0000000702800000, 0x0000000702a00000|  0%| F|  |TAMS 0x0000000702800000| PB 0x0000000702800000| Untracked 
|   6|0x0000000702a00000, 0x0000000702a00000, 0x0000000702c00000|  0%| F|  |TAMS 0x0000000702a00000| PB 0x0000000702a00000| Untracked 
|   7|0x0000000702c00000, 0x0000000702c00000, 0x0000000702e00000|  0%| F|  |TAMS 0x0000000702c00000| PB 0x0000000702c00000| Untracked 
|   8|0x0000000702e00000, 0x0000000702e00000, 0x0000000703000000|  0%| F|  |TAMS 0x0000000702e00000| PB 0x0000000702e00000| Untracked 
|   9|0x0000000703000000, 0x0000000703000000, 0x0000000703200000|  0%| F|  |TAMS 0x0000000703000000| PB 0x0000000703000000| Untracked 
|  10|0x0000000703200000, 0x0000000703200000, 0x0000000703400000|  0%| F|  |TAMS 0x0000000703200000| PB 0x0000000703200000| Untracked 
|  11|0x0000000703400000, 0x0000000703400000, 0x0000000703600000|  0%| F|  |TAMS 0x0000000703400000| PB 0x0000000703400000| Untracked 
|  12|0x0000000703600000, 0x0000000703600000, 0x0000000703800000|  0%| F|  |TAMS 0x0000000703600000| PB 0x0000000703600000| Untracked 
|  13|0x0000000703800000, 0x0000000703800000, 0x0000000703a00000|  0%| F|  |TAMS 0x0000000703800000| PB 0x0000000703800000| Untracked 
|  14|0x0000000703a00000, 0x0000000703a00000, 0x0000000703c00000|  0%| F|  |TAMS 0x0000000703a00000| PB 0x0000000703a00000| Untracked 
|  15|0x0000000703c00000, 0x0000000703c00000, 0x0000000703e00000|  0%| F|  |TAMS 0x0000000703c00000| PB 0x0000000703c00000| Untracked 
|  16|0x0000000703e00000, 0x0000000703e00000, 0x0000000704000000|  0%| F|  |TAMS 0x0000000703e00000| PB 0x0000000703e00000| Untracked 
|  17|0x0000000704000000, 0x0000000704000000, 0x0000000704200000|  0%| F|  |TAMS 0x0000000704000000| PB 0x0000000704000000| Untracked 
|  18|0x0000000704200000, 0x0000000704200000, 0x0000000704400000|  0%| F|  |TAMS 0x0000000704200000| PB 0x0000000704200000| Untracked 
|  19|0x0000000704400000, 0x0000000704400000, 0x0000000704600000|  0%| F|  |TAMS 0x0000000704400000| PB 0x0000000704400000| Untracked 
|  20|0x0000000704600000, 0x0000000704600000, 0x0000000704800000|  0%| F|  |TAMS 0x0000000704600000| PB 0x0000000704600000| Untracked 
|  21|0x0000000704800000, 0x0000000704800000, 0x0000000704a00000|  0%| F|  |TAMS 0x0000000704800000| PB 0x0000000704800000| Untracked 
|  22|0x0000000704a00000, 0x0000000704a00000, 0x0000000704c00000|  0%| F|  |TAMS 0x0000000704a00000| PB 0x0000000704a00000| Untracked 
|  23|0x0000000704c00000, 0x0000000704c00000, 0x0000000704e00000|  0%| F|  |TAMS 0x0000000704c00000| PB 0x0000000704c00000| Untracked 
|  24|0x0000000704e00000, 0x0000000704e00000, 0x0000000705000000|  0%| F|  |TAMS 0x0000000704e00000| PB 0x0000000704e00000| Untracked 
|  25|0x0000000705000000, 0x0000000705000000, 0x0000000705200000|  0%| F|  |TAMS 0x0000000705000000| PB 0x0000000705000000| Untracked 
|  26|0x0000000705200000, 0x0000000705200000, 0x0000000705400000|  0%| F|  |TAMS 0x0000000705200000| PB 0x0000000705200000| Untracked 
|  27|0x0000000705400000, 0x0000000705400000, 0x0000000705600000|  0%| F|  |TAMS 0x0000000705400000| PB 0x0000000705400000| Untracked 
|  28|0x0000000705600000, 0x0000000705600000, 0x0000000705800000|  0%| F|  |TAMS 0x0000000705600000| PB 0x0000000705600000| Untracked 
|  29|0x0000000705800000, 0x0000000705800000, 0x0000000705a00000|  0%| F|  |TAMS 0x0000000705800000| PB 0x0000000705800000| Untracked 
|  30|0x0000000705a00000, 0x0000000705a00000, 0x0000000705c00000|  0%| F|  |TAMS 0x0000000705a00000| PB 0x0000000705a00000| Untracked 
|  31|0x0000000705c00000, 0x0000000705c00000, 0x0000000705e00000|  0%| F|  |TAMS 0x0000000705c00000| PB 0x0000000705c00000| Untracked 
|  32|0x0000000705e00000, 0x0000000705e00000, 0x0000000706000000|  0%| F|  |TAMS 0x0000000705e00000| PB 0x0000000705e00000| Untracked 
|  33|0x0000000706000000, 0x0000000706000000, 0x0000000706200000|  0%| F|  |TAMS 0x0000000706000000| PB 0x0000000706000000| Untracked 
|  34|0x0000000706200000, 0x0000000706200000, 0x0000000706400000|  0%| F|  |TAMS 0x0000000706200000| PB 0x0000000706200000| Untracked 
|  35|0x0000000706400000, 0x0000000706400000, 0x0000000706600000|  0%| F|  |TAMS 0x0000000706400000| PB 0x0000000706400000| Untracked 
|  36|0x0000000706600000, 0x0000000706600000, 0x0000000706800000|  0%| F|  |TAMS 0x0000000706600000| PB 0x0000000706600000| Untracked 
|  37|0x0000000706800000, 0x0000000706800000, 0x0000000706a00000|  0%| F|  |TAMS 0x0000000706800000| PB 0x0000000706800000| Untracked 
|  38|0x0000000706a00000, 0x0000000706a00000, 0x0000000706c00000|  0%| F|  |TAMS 0x0000000706a00000| PB 0x0000000706a00000| Untracked 
|  39|0x0000000706c00000, 0x0000000706c00000, 0x0000000706e00000|  0%| F|  |TAMS 0x0000000706c00000| PB 0x0000000706c00000| Untracked 
|  40|0x0000000706e00000, 0x0000000706e00000, 0x0000000707000000|  0%| F|  |TAMS 0x0000000706e00000| PB 0x0000000706e00000| Untracked 
|  41|0x0000000707000000, 0x0000000707000000, 0x0000000707200000|  0%| F|  |TAMS 0x0000000707000000| PB 0x0000000707000000| Untracked 
|  42|0x0000000707200000, 0x0000000707200000, 0x0000000707400000|  0%| F|  |TAMS 0x0000000707200000| PB 0x0000000707200000| Untracked 
|  43|0x0000000707400000, 0x0000000707400000, 0x0000000707600000|  0%| F|  |TAMS 0x0000000707400000| PB 0x0000000707400000| Untracked 
|  44|0x0000000707600000, 0x0000000707600000, 0x0000000707800000|  0%| F|  |TAMS 0x0000000707600000| PB 0x0000000707600000| Untracked 
|  45|0x0000000707800000, 0x0000000707800000, 0x0000000707a00000|  0%| F|  |TAMS 0x0000000707800000| PB 0x0000000707800000| Untracked 
|  46|0x0000000707a00000, 0x0000000707a00000, 0x0000000707c00000|  0%| F|  |TAMS 0x0000000707a00000| PB 0x0000000707a00000| Untracked 
|  47|0x0000000707c00000, 0x0000000707c00000, 0x0000000707e00000|  0%| F|  |TAMS 0x0000000707c00000| PB 0x0000000707c00000| Untracked 
|  48|0x0000000707e00000, 0x0000000707e00000, 0x0000000708000000|  0%| F|  |TAMS 0x0000000707e00000| PB 0x0000000707e00000| Untracked 
|  49|0x0000000708000000, 0x0000000708000000, 0x0000000708200000|  0%| F|  |TAMS 0x0000000708000000| PB 0x0000000708000000| Untracked 
|  50|0x0000000708200000, 0x0000000708200000, 0x0000000708400000|  0%| F|  |TAMS 0x0000000708200000| PB 0x0000000708200000| Untracked 
|  51|0x0000000708400000, 0x0000000708400000, 0x0000000708600000|  0%| F|  |TAMS 0x0000000708400000| PB 0x0000000708400000| Untracked 
|  52|0x0000000708600000, 0x0000000708600000, 0x0000000708800000|  0%| F|  |TAMS 0x0000000708600000| PB 0x0000000708600000| Untracked 
|  53|0x0000000708800000, 0x0000000708800000, 0x0000000708a00000|  0%| F|  |TAMS 0x0000000708800000| PB 0x0000000708800000| Untracked 
|  54|0x0000000708a00000, 0x0000000708a00000, 0x0000000708c00000|  0%| F|  |TAMS 0x0000000708a00000| PB 0x0000000708a00000| Untracked 
|  55|0x0000000708c00000, 0x0000000708c00000, 0x0000000708e00000|  0%| F|  |TAMS 0x0000000708c00000| PB 0x0000000708c00000| Untracked 
|  56|0x0000000708e00000, 0x0000000708e00000, 0x0000000709000000|  0%| F|  |TAMS 0x0000000708e00000| PB 0x0000000708e00000| Untracked 
|  57|0x0000000709000000, 0x0000000709000000, 0x0000000709200000|  0%| F|  |TAMS 0x0000000709000000| PB 0x0000000709000000| Untracked 
|  58|0x0000000709200000, 0x0000000709200000, 0x0000000709400000|  0%| F|  |TAMS 0x0000000709200000| PB 0x0000000709200000| Untracked 
|  59|0x0000000709400000, 0x0000000709400000, 0x0000000709600000|  0%| F|  |TAMS 0x0000000709400000| PB 0x0000000709400000| Untracked 
|  60|0x0000000709600000, 0x0000000709600000, 0x0000000709800000|  0%| F|  |TAMS 0x0000000709600000| PB 0x0000000709600000| Untracked 
|  61|0x0000000709800000, 0x0000000709800000, 0x0000000709a00000|  0%| F|  |TAMS 0x0000000709800000| PB 0x0000000709800000| Untracked 
|  62|0x0000000709a00000, 0x0000000709a00000, 0x0000000709c00000|  0%| F|  |TAMS 0x0000000709a00000| PB 0x0000000709a00000| Untracked 
|  63|0x0000000709c00000, 0x0000000709c00000, 0x0000000709e00000|  0%| F|  |TAMS 0x0000000709c00000| PB 0x0000000709c00000| Untracked 
|  64|0x0000000709e00000, 0x0000000709e00000, 0x000000070a000000|  0%| F|  |TAMS 0x0000000709e00000| PB 0x0000000709e00000| Untracked 
|  65|0x000000070a000000, 0x000000070a000000, 0x000000070a200000|  0%| F|  |TAMS 0x000000070a000000| PB 0x000000070a000000| Untracked 
|  66|0x000000070a200000, 0x000000070a200000, 0x000000070a400000|  0%| F|  |TAMS 0x000000070a200000| PB 0x000000070a200000| Untracked 
|  67|0x000000070a400000, 0x000000070a400000, 0x000000070a600000|  0%| F|  |TAMS 0x000000070a400000| PB 0x000000070a400000| Untracked 
|  68|0x000000070a600000, 0x000000070a600000, 0x000000070a800000|  0%| F|  |TAMS 0x000000070a600000| PB 0x000000070a600000| Untracked 
|  69|0x000000070a800000, 0x000000070a800000, 0x000000070aa00000|  0%| F|  |TAMS 0x000000070a800000| PB 0x000000070a800000| Untracked 
|  70|0x000000070aa00000, 0x000000070aa00000, 0x000000070ac00000|  0%| F|  |TAMS 0x000000070aa00000| PB 0x000000070aa00000| Untracked 
|  71|0x000000070ac00000, 0x000000070ac00000, 0x000000070ae00000|  0%| F|  |TAMS 0x000000070ac00000| PB 0x000000070ac00000| Untracked 
|  72|0x000000070ae00000, 0x000000070ae00000, 0x000000070b000000|  0%| F|  |TAMS 0x000000070ae00000| PB 0x000000070ae00000| Untracked 
|  73|0x000000070b000000, 0x000000070b000000, 0x000000070b200000|  0%| F|  |TAMS 0x000000070b000000| PB 0x000000070b000000| Untracked 
|  74|0x000000070b200000, 0x000000070b200000, 0x000000070b400000|  0%| F|  |TAMS 0x000000070b200000| PB 0x000000070b200000| Untracked 
|  75|0x000000070b400000, 0x000000070b400000, 0x000000070b600000|  0%| F|  |TAMS 0x000000070b400000| PB 0x000000070b400000| Untracked 
|  76|0x000000070b600000, 0x000000070b600000, 0x000000070b800000|  0%| F|  |TAMS 0x000000070b600000| PB 0x000000070b600000| Untracked 
|  77|0x000000070b800000, 0x000000070b800000, 0x000000070ba00000|  0%| F|  |TAMS 0x000000070b800000| PB 0x000000070b800000| Untracked 
|  78|0x000000070ba00000, 0x000000070ba00000, 0x000000070bc00000|  0%| F|  |TAMS 0x000000070ba00000| PB 0x000000070ba00000| Untracked 
|  79|0x000000070bc00000, 0x000000070bc00000, 0x000000070be00000|  0%| F|  |TAMS 0x000000070bc00000| PB 0x000000070bc00000| Untracked 
|  80|0x000000070be00000, 0x000000070be00000, 0x000000070c000000|  0%| F|  |TAMS 0x000000070be00000| PB 0x000000070be00000| Untracked 
|  81|0x000000070c000000, 0x000000070c000000, 0x000000070c200000|  0%| F|  |TAMS 0x000000070c000000| PB 0x000000070c000000| Untracked 
|  82|0x000000070c200000, 0x000000070c200000, 0x000000070c400000|  0%| F|  |TAMS 0x000000070c200000| PB 0x000000070c200000| Untracked 
|  83|0x000000070c400000, 0x000000070c400000, 0x000000070c600000|  0%| F|  |TAMS 0x000000070c400000| PB 0x000000070c400000| Untracked 
|  84|0x000000070c600000, 0x000000070c600000, 0x000000070c800000|  0%| F|  |TAMS 0x000000070c600000| PB 0x000000070c600000| Untracked 
|  85|0x000000070c800000, 0x000000070c800000, 0x000000070ca00000|  0%| F|  |TAMS 0x000000070c800000| PB 0x000000070c800000| Untracked 
|  86|0x000000070ca00000, 0x000000070ca00000, 0x000000070cc00000|  0%| F|  |TAMS 0x000000070ca00000| PB 0x000000070ca00000| Untracked 
|  87|0x000000070cc00000, 0x000000070cc00000, 0x000000070ce00000|  0%| F|  |TAMS 0x000000070cc00000| PB 0x000000070cc00000| Untracked 
|  88|0x000000070ce00000, 0x000000070ce00000, 0x000000070d000000|  0%| F|  |TAMS 0x000000070ce00000| PB 0x000000070ce00000| Untracked 
|  89|0x000000070d000000, 0x000000070d000000, 0x000000070d200000|  0%| F|  |TAMS 0x000000070d000000| PB 0x000000070d000000| Untracked 
|  90|0x000000070d200000, 0x000000070d200000, 0x000000070d400000|  0%| F|  |TAMS 0x000000070d200000| PB 0x000000070d200000| Untracked 
|  91|0x000000070d400000, 0x000000070d400000, 0x000000070d600000|  0%| F|  |TAMS 0x000000070d400000| PB 0x000000070d400000| Untracked 
|  92|0x000000070d600000, 0x000000070d600000, 0x000000070d800000|  0%| F|  |TAMS 0x000000070d600000| PB 0x000000070d600000| Untracked 
|  93|0x000000070d800000, 0x000000070d800000, 0x000000070da00000|  0%| F|  |TAMS 0x000000070d800000| PB 0x000000070d800000| Untracked 
|  94|0x000000070da00000, 0x000000070da00000, 0x000000070dc00000|  0%| F|  |TAMS 0x000000070da00000| PB 0x000000070da00000| Untracked 
|  95|0x000000070dc00000, 0x000000070dc00000, 0x000000070de00000|  0%| F|  |TAMS 0x000000070dc00000| PB 0x000000070dc00000| Untracked 
|  96|0x000000070de00000, 0x000000070de00000, 0x000000070e000000|  0%| F|  |TAMS 0x000000070de00000| PB 0x000000070de00000| Untracked 
|  97|0x000000070e000000, 0x000000070e000000, 0x000000070e200000|  0%| F|  |TAMS 0x000000070e000000| PB 0x000000070e000000| Untracked 
|  98|0x000000070e200000, 0x000000070e200000, 0x000000070e400000|  0%| F|  |TAMS 0x000000070e200000| PB 0x000000070e200000| Untracked 
|  99|0x000000070e400000, 0x000000070e400000, 0x000000070e600000|  0%| F|  |TAMS 0x000000070e400000| PB 0x000000070e400000| Untracked 
| 100|0x000000070e600000, 0x000000070e600000, 0x000000070e800000|  0%| F|  |TAMS 0x000000070e600000| PB 0x000000070e600000| Untracked 
| 101|0x000000070e800000, 0x000000070e800000, 0x000000070ea00000|  0%| F|  |TAMS 0x000000070e800000| PB 0x000000070e800000| Untracked 
| 102|0x000000070ea00000, 0x000000070ea00000, 0x000000070ec00000|  0%| F|  |TAMS 0x000000070ea00000| PB 0x000000070ea00000| Untracked 
| 103|0x000000070ec00000, 0x000000070ec00000, 0x000000070ee00000|  0%| F|  |TAMS 0x000000070ec00000| PB 0x000000070ec00000| Untracked 
| 104|0x000000070ee00000, 0x000000070ee00000, 0x000000070f000000|  0%| F|  |TAMS 0x000000070ee00000| PB 0x000000070ee00000| Untracked 
| 105|0x000000070f000000, 0x000000070f000000, 0x000000070f200000|  0%| F|  |TAMS 0x000000070f000000| PB 0x000000070f000000| Untracked 
| 106|0x000000070f200000, 0x000000070f200000, 0x000000070f400000|  0%| F|  |TAMS 0x000000070f200000| PB 0x000000070f200000| Untracked 
| 107|0x000000070f400000, 0x000000070f400000, 0x000000070f600000|  0%| F|  |TAMS 0x000000070f400000| PB 0x000000070f400000| Untracked 
| 108|0x000000070f600000, 0x000000070f600000, 0x000000070f800000|  0%| F|  |TAMS 0x000000070f600000| PB 0x000000070f600000| Untracked 
| 109|0x000000070f800000, 0x000000070f800000, 0x000000070fa00000|  0%| F|  |TAMS 0x000000070f800000| PB 0x000000070f800000| Untracked 
| 110|0x000000070fa00000, 0x000000070fa00000, 0x000000070fc00000|  0%| F|  |TAMS 0x000000070fa00000| PB 0x000000070fa00000| Untracked 
| 111|0x000000070fc00000, 0x000000070fc00000, 0x000000070fe00000|  0%| F|  |TAMS 0x000000070fc00000| PB 0x000000070fc00000| Untracked 
| 112|0x000000070fe00000, 0x000000070fe00000, 0x0000000710000000|  0%| F|  |TAMS 0x000000070fe00000| PB 0x000000070fe00000| Untracked 
| 113|0x0000000710000000, 0x0000000710000000, 0x0000000710200000|  0%| F|  |TAMS 0x0000000710000000| PB 0x0000000710000000| Untracked 
| 114|0x0000000710200000, 0x0000000710200000, 0x0000000710400000|  0%| F|  |TAMS 0x0000000710200000| PB 0x0000000710200000| Untracked 
| 115|0x0000000710400000, 0x0000000710400000, 0x0000000710600000|  0%| F|  |TAMS 0x0000000710400000| PB 0x0000000710400000| Untracked 
| 116|0x0000000710600000, 0x0000000710600000, 0x0000000710800000|  0%| F|  |TAMS 0x0000000710600000| PB 0x0000000710600000| Untracked 
| 117|0x0000000710800000, 0x0000000710800000, 0x0000000710a00000|  0%| F|  |TAMS 0x0000000710800000| PB 0x0000000710800000| Untracked 
| 118|0x0000000710a00000, 0x0000000710a00000, 0x0000000710c00000|  0%| F|  |TAMS 0x0000000710a00000| PB 0x0000000710a00000| Untracked 
| 119|0x0000000710c00000, 0x0000000710c00000, 0x0000000710e00000|  0%| F|  |TAMS 0x0000000710c00000| PB 0x0000000710c00000| Untracked 
| 120|0x0000000710e00000, 0x0000000710e00000, 0x0000000711000000|  0%| F|  |TAMS 0x0000000710e00000| PB 0x0000000710e00000| Untracked 
| 121|0x0000000711000000, 0x0000000711000000, 0x0000000711200000|  0%| F|  |TAMS 0x0000000711000000| PB 0x0000000711000000| Untracked 
| 122|0x0000000711200000, 0x0000000711200000, 0x0000000711400000|  0%| F|  |TAMS 0x0000000711200000| PB 0x0000000711200000| Untracked 
| 123|0x0000000711400000, 0x0000000711400000, 0x0000000711600000|  0%| F|  |TAMS 0x0000000711400000| PB 0x0000000711400000| Untracked 
| 124|0x0000000711600000, 0x000000071170fd38, 0x0000000711800000| 53%| E|  |TAMS 0x0000000711600000| PB 0x0000000711600000| Complete 
| 125|0x0000000711800000, 0x0000000711a00000, 0x0000000711a00000|100%| E|CS|TAMS 0x0000000711800000| PB 0x0000000711800000| Complete 
| 126|0x0000000711a00000, 0x0000000711c00000, 0x0000000711c00000|100%| E|CS|TAMS 0x0000000711a00000| PB 0x0000000711a00000| Complete 
| 127|0x0000000711c00000, 0x0000000711e00000, 0x0000000711e00000|100%| E|CS|TAMS 0x0000000711c00000| PB 0x0000000711c00000| Complete 

Card table byte_map: [0x0000017ec6390000,0x0000017ec6b90000] _byte_map_base: 0x0000017ec2b81000

Marking Bits: (CMBitMap*) 0x0000017eae781cb0
 Bits: [0x0000017ec6b90000, 0x0000017ecab18000)

Polling page: 0x0000017eac690000

Metaspace:

Usage:
  Non-class:      2.92 MB used.
      Class:    152.13 KB used.
       Both:      3.07 MB used.

Virtual space:
  Non-class space:       64.00 MB reserved,       3.00 MB (  5%) committed,  1 nodes.
      Class space:        1.00 GB reserved,     256.00 KB ( <1%) committed,  1 nodes.
             Both:        1.06 GB reserved,       3.25 MB ( <1%) committed. 

Chunk freelists:
   Non-Class:  10.11 MB
       Class:  15.66 MB
        Both:  25.77 MB

MaxMetaspaceSize: unlimited
CompressedClassSpaceSize: 1.00 GB
Initial GC threshold: 21.00 MB
Current GC threshold: 21.00 MB
CDS: on
 - commit_granule_bytes: 65536.
 - commit_granule_words: 8192.
 - virtual_space_node_default_size: 8388608.
 - enlarge_chunks_in_place: 1.
 - use_allocation_guard: 0.


Internal statistics:

num_allocs_failed_limit: 0.
num_arena_births: 62.
num_arena_deaths: 0.
num_vsnodes_births: 2.
num_vsnodes_deaths: 0.
num_space_committed: 52.
num_space_uncommitted: 0.
num_chunks_returned_to_freelist: 0.
num_chunks_taken_from_freelist: 150.
num_chunk_merges: 0.
num_chunk_splits: 105.
num_chunks_enlarged: 77.
num_inconsistent_stats: 0.

CodeHeap 'non-profiled nmethods': size=120000Kb used=146Kb max_used=146Kb free=119854Kb
 bounds [0x0000017ebe660000, 0x0000017ebe8d0000, 0x0000017ec5b90000]
CodeHeap 'profiled nmethods': size=120000Kb used=688Kb max_used=688Kb free=119311Kb
 bounds [0x0000017eb6b90000, 0x0000017eb6e00000, 0x0000017ebe0c0000]
CodeHeap 'non-nmethods': size=5760Kb used=2020Kb max_used=2033Kb free=3739Kb
 bounds [0x0000017ebe0c0000, 0x0000017ebe330000, 0x0000017ebe660000]
 total_blobs=1490 nmethods=487 adapters=908
 compilation: enabled
              stopped_count=0, restarted_count=0
 full_count=0

Compilation events (20 events):
Event: 0.726 Thread 0x0000017ecd01c770  476       3       java.lang.StringConcatHelper::initialCoder (14 bytes)
Event: 0.726 Thread 0x0000017ecd01c770 nmethod 476 0x0000017eb6c36510 code [0x0000017eb6c366a0, 0x0000017eb6c367b8]
Event: 0.726 Thread 0x0000017ecd01c770  477       3       java.lang.String::concat (15 bytes)
Event: 0.727 Thread 0x0000017ecd01c770 nmethod 477 0x0000017eb6c36810 code [0x0000017eb6c36b60, 0x0000017eb6c37e88]
Event: 0.727 Thread 0x0000017ecd019520  483       4       java.lang.Integer::toUnsignedLong (7 bytes)
Event: 0.727 Thread 0x0000017ecd01c770  481       3       sun.misc.Unsafe::putLong (11 bytes)
Event: 0.728 Thread 0x0000017ecd01c770 nmethod 481 0x0000017eb6c38510 code [0x0000017eb6c386a0, 0x0000017eb6c387b0]
Event: 0.728 Thread 0x0000017ecd01c770  482       3       org.lwjgl.system.MemoryUtil::memPutAddress (29 bytes)
Event: 0.728 Thread 0x0000017ecd019520 nmethod 483 0x0000017ebe683e10 code [0x0000017ebe683f80, 0x0000017ebe683fe8]
Event: 0.728 Thread 0x0000017ecd01c770 nmethod 482 0x0000017eb6c38890 code [0x0000017eb6c38a40, 0x0000017eb6c38c38]
Event: 0.728 Thread 0x0000017ecd01c770  478       3       java.lang.StringConcatHelper::simpleConcat (94 bytes)
Event: 0.729 Thread 0x0000017ecd01c770 nmethod 478 0x0000017eb6c38d10 code [0x0000017eb6c39060, 0x0000017eb6c3a330]
Event: 0.729 Thread 0x0000017ecd01c770  479       3       java.util.ArrayDeque::inc (12 bytes)
Event: 0.729 Thread 0x0000017ecd01c770 nmethod 479 0x0000017eb6c3a990 code [0x0000017eb6c3ab20, 0x0000017eb6c3ac48]
Event: 0.731 Thread 0x0000017ecd01c770  484       1       java.security.CodeSource::getLocation (5 bytes)
Event: 0.731 Thread 0x0000017ecd01c770 nmethod 484 0x0000017ebe684110 code [0x0000017ebe6842a0, 0x0000017ebe684370]
Event: 0.732 Thread 0x0000017ecd01c770  485       3       java.util.Arrays::rangeCheck (74 bytes)
Event: 0.732 Thread 0x0000017ecd01c770 nmethod 485 0x0000017eb6c3ad10 code [0x0000017eb6c3afc0, 0x0000017eb6c3b8f8]
Event: 0.733 Thread 0x0000017ecd01c770  486       3       java.io.File::isInvalid (47 bytes)
Event: 0.733 Thread 0x0000017ecd01c770 nmethod 486 0x0000017eb6c3bd10 code [0x0000017eb6c3bee0, 0x0000017eb6c3c198]

GC Heap History (0 events):
No events

Dll operation events (9 events):
Event: 0.023 Loaded shared library C:\Users\Kelly\Documents\Java\jdk-21.0.3\bin\java.dll
Event: 0.104 Loaded shared library C:\Users\Kelly\Documents\Java\jdk-21.0.3\bin\jsvml.dll
Event: 0.262 Loaded shared library C:\Users\Kelly\Documents\Java\jdk-21.0.3\bin\net.dll
Event: 0.267 Loaded shared library C:\Users\Kelly\Documents\Java\jdk-21.0.3\bin\nio.dll
Event: 0.273 Loaded shared library C:\Users\Kelly\Documents\Java\jdk-21.0.3\bin\zip.dll
Event: 0.313 Loaded shared library C:\Users\Kelly\Documents\Java\jdk-21.0.3\bin\verify.dll
Event: 0.570 Loaded shared library C:\Users\Kelly\Documents\Java\jdk-21.0.3\bin\jimage.dll
Event: 0.639 Loaded shared library C:\Users\Kelly\AppData\Local\Temp\lwjglKelly\3.3.1-build-7\lwjgl.dll
Event: 0.657 Loaded shared library C:\Users\Kelly\AppData\Local\Temp\lwjglKelly\3.3.1-build-7\lwjgl_opengl.dll

Deoptimization events (20 events):
Event: 0.247 Thread 0x0000017eac5b6390 Uncommon trap: trap_request=0xffffff45 fr.pc=0x0000017ebe6613e4 relative=0x00000000000000c4
Event: 0.247 Thread 0x0000017eac5b6390 Uncommon trap: reason=unstable_if action=reinterpret pc=0x0000017ebe6613e4 method=java.lang.String.isLatin1()Z @ 10 c2
Event: 0.247 Thread 0x0000017eac5b6390 DEOPT PACKING pc=0x0000017ebe6613e4 sp=0x00000048348ff250
Event: 0.248 Thread 0x0000017eac5b6390 DEOPT UNPACKING pc=0x0000017ebe1146a2 sp=0x00000048348ff190 mode 2
Event: 0.522 Thread 0x0000017eac5b6390 Uncommon trap: trap_request=0xffffff45 fr.pc=0x0000017ebe6666f8 relative=0x00000000000002b8
Event: 0.522 Thread 0x0000017eac5b6390 Uncommon trap: reason=unstable_if action=reinterpret pc=0x0000017ebe6666f8 method=java.lang.StringLatin1.hashCode([B)I @ 2 c2
Event: 0.522 Thread 0x0000017eac5b6390 DEOPT PACKING pc=0x0000017ebe6666f8 sp=0x00000048348fac70
Event: 0.522 Thread 0x0000017eac5b6390 DEOPT UNPACKING pc=0x0000017ebe1146a2 sp=0x00000048348faba8 mode 2
Event: 0.529 Thread 0x0000017eac5b6390 DEOPT PACKING pc=0x0000017eb6bab6f8 sp=0x00000048348fa280
Event: 0.529 Thread 0x0000017eac5b6390 DEOPT UNPACKING pc=0x0000017ebe114e42 sp=0x00000048348f96a0 mode 0
Event: 0.572 Thread 0x0000017eac5b6390 DEOPT PACKING pc=0x0000017eb6b98d58 sp=0x00000048348fb8f0
Event: 0.572 Thread 0x0000017eac5b6390 DEOPT UNPACKING pc=0x0000017ebe114e42 sp=0x00000048348fad58 mode 0
Event: 0.626 Thread 0x0000017eac5b6390 Uncommon trap: trap_request=0xffffff45 fr.pc=0x0000017ebe675f10 relative=0x0000000000000070
Event: 0.626 Thread 0x0000017eac5b6390 Uncommon trap: reason=unstable_if action=reinterpret pc=0x0000017ebe675f10 method=java.io.WinNTFileSystem.isSlash(C)Z @ 9 c2
Event: 0.626 Thread 0x0000017eac5b6390 DEOPT PACKING pc=0x0000017ebe675f10 sp=0x00000048348fbd70
Event: 0.626 Thread 0x0000017eac5b6390 DEOPT UNPACKING pc=0x0000017ebe1146a2 sp=0x00000048348fbcf8 mode 2
Event: 0.635 Thread 0x0000017eac5b6390 Uncommon trap: trap_request=0xffffff45 fr.pc=0x0000017ebe677bec relative=0x000000000000004c
Event: 0.635 Thread 0x0000017eac5b6390 Uncommon trap: reason=unstable_if action=reinterpret pc=0x0000017ebe677bec method=sun.nio.fs.WindowsPathParser.isSlash(C)Z @ 9 c2
Event: 0.635 Thread 0x0000017eac5b6390 DEOPT PACKING pc=0x0000017ebe677bec sp=0x00000048348fbe50
Event: 0.635 Thread 0x0000017eac5b6390 DEOPT UNPACKING pc=0x0000017ebe1146a2 sp=0x00000048348fbdd8 mode 2

Classes loaded (20 events):
Event: 0.674 Loading class java/nio/DirectFloatBufferU
Event: 0.674 Loading class java/nio/DirectFloatBufferU done
Event: 0.674 Loading class java/nio/DirectDoubleBufferU
Event: 0.674 Loading class java/nio/DirectDoubleBufferU done
Event: 0.674 Loading class sun/misc/Unsafe
Event: 0.674 Loading class sun/misc/Unsafe done
Event: 0.675 Loading class java/lang/invoke/DirectMethodHandle$StaticAccessor
Event: 0.675 Loading class java/lang/invoke/DirectMethodHandle$StaticAccessor done
Event: 0.677 Loading class java/util/function/LongPredicate
Event: 0.677 Loading class java/util/function/LongPredicate done
Event: 0.680 Loading class java/lang/foreign/MemorySegment
Event: 0.680 Loading class java/lang/foreign/MemorySegment done
Event: 0.688 Loading class java/nio/InvalidMarkException
Event: 0.688 Loading class java/nio/InvalidMarkException done
Event: 0.688 Loading class java/nio/BufferUnderflowException
Event: 0.688 Loading class java/nio/BufferUnderflowException done
Event: 0.710 Loading class jdk/internal/foreign/MemorySessionImpl
Event: 0.710 Loading class java/lang/foreign/MemorySegment$Scope
Event: 0.710 Loading class java/lang/foreign/MemorySegment$Scope done
Event: 0.711 Loading class jdk/internal/foreign/MemorySessionImpl done

Classes unloaded (0 events):
No events

Classes redefined (0 events):
No events

Internal exceptions (20 events):
Event: 0.528 Thread 0x0000017eac5b6390 Exception <a 'java/lang/NoSuchMethodError'{0x0000000711bb1b20}: 'java.lang.Object java.lang.invoke.DirectMethodHandle$Holder.invokeStatic(java.lang.Object, java.lang.Object, int)'> (0x0000000711bb1b20) 
thrown [s\open\src\hotspot\share\interpreter\linkResolver.cpp, line 773]
Event: 0.530 Thread 0x0000017eac5b6390 Exception <a 'java/lang/NoSuchMethodError'{0x0000000711bbd118}: 'void java.lang.invoke.DelegatingMethodHandle$Holder.delegate(java.lang.Object, java.lang.Object, int, java.lang.Object)'> (0x0000000711bbd118) 
thrown [s\open\src\hotspot\share\interpreter\linkResolver.cpp, line 773]
Event: 0.531 Thread 0x0000017eac5b6390 Exception <a 'java/lang/NoSuchMethodError'{0x0000000711bc1000}: 'int java.lang.invoke.DirectMethodHandle$Holder.invokeSpecial(java.lang.Object, java.lang.Object, java.lang.Object)'> (0x0000000711bc1000) 
thrown [s\open\src\hotspot\share\interpreter\linkResolver.cpp, line 773]
Event: 0.539 Thread 0x0000017eac5b6390 Exception <a 'java/lang/NoSuchMethodError'{0x0000000711be2618}: 'void java.lang.System.loadLibrary(java.lang.String, java.lang.Class)'> (0x0000000711be2618) 
thrown [s\open\src\hotspot\share\interpreter\linkResolver.cpp, line 773]
Event: 0.559 Thread 0x0000017eac5b6390 Exception <a 'java/lang/NoSuchMethodError'{0x0000000711838860}: 'void java.lang.System.load(java.lang.String, java.lang.Class)'> (0x0000000711838860) 
thrown [s\open\src\hotspot\share\interpreter\linkResolver.cpp, line 773]
Event: 0.560 Thread 0x0000017eac5b6390 Exception <a 'java/lang/NoSuchMethodError'{0x000000071183b218}: 'void java.lang.System.loadLibrary(java.lang.String, java.lang.Class)'> (0x000000071183b218) 
thrown [s\open\src\hotspot\share\interpreter\linkResolver.cpp, line 773]
Event: 0.636 Thread 0x0000017eac5b6390 Exception <a 'sun/nio/fs/WindowsException'{0x000000071190ef88}> (0x000000071190ef88) 
thrown [s\open\src\hotspot\share\prims\jni.cpp, line 520]
Event: 0.636 Thread 0x0000017eac5b6390 Exception <a 'sun/nio/fs/WindowsException'{0x000000071190f4b8}> (0x000000071190f4b8) 
thrown [s\open\src\hotspot\share\prims\jni.cpp, line 520]
Event: 0.654 Thread 0x0000017eac5b6390 Exception <a 'sun/nio/fs/WindowsException'{0x0000000711933050}> (0x0000000711933050) 
thrown [s\open\src\hotspot\share\prims\jni.cpp, line 520]
Event: 0.655 Thread 0x0000017eac5b6390 Exception <a 'sun/nio/fs/WindowsException'{0x00000007119333f8}> (0x00000007119333f8) 
thrown [s\open\src\hotspot\share\prims\jni.cpp, line 520]
Event: 0.660 Thread 0x0000017eac5b6390 Exception <a 'sun/nio/fs/WindowsException'{0x0000000711939d88}> (0x0000000711939d88) 
thrown [s\open\src\hotspot\share\prims\jni.cpp, line 520]
Event: 0.660 Thread 0x0000017eac5b6390 Exception <a 'sun/nio/fs/WindowsException'{0x000000071193a068}> (0x000000071193a068) 
thrown [s\open\src\hotspot\share\prims\jni.cpp, line 520]
Event: 0.679 Thread 0x0000017eac5b6390 Exception <a 'java/lang/NoSuchMethodError'{0x0000000711988380}: 'int java.lang.invoke.DirectMethodHandle$Holder.invokeStaticInit(java.lang.Object, java.lang.Object, int, long)'> (0x0000000711988380) 
thrown [s\open\src\hotspot\share\interpreter\linkResolver.cpp, line 773]
Event: 0.679 Thread 0x0000017eac5b6390 Exception <a 'java/lang/NoSuchMethodError'{0x000000071198d658}: 'java.lang.Object java.lang.invoke.DirectMethodHandle$Holder.newInvokeSpecial(java.lang.Object, java.lang.Object, int)'> (0x000000071198d658) 
thrown [s\open\src\hotspot\share\interpreter\linkResolver.cpp, line 773]
Event: 0.682 Thread 0x0000017eac5b6390 Exception <a 'java/lang/NoSuchMethodError'{0x000000071199cca0}: 'int java.lang.invoke.DirectMethodHandle$Holder.invokeStaticInit(java.lang.Object, java.lang.Object, long, long)'> (0x000000071199cca0) 
thrown [s\open\src\hotspot\share\interpreter\linkResolver.cpp, line 773]
Event: 0.683 Thread 0x0000017eac5b6390 Exception <a 'java/lang/NoSuchMethodError'{0x00000007119a27b8}: 'java.lang.Object java.lang.invoke.DirectMethodHandle$Holder.newInvokeSpecial(java.lang.Object, java.lang.Object, long)'> (0x00000007119a27b8) 
thrown [s\open\src\hotspot\share\interpreter\linkResolver.cpp, line 773]
Event: 0.684 Thread 0x0000017eac5b6390 Exception <a 'java/lang/NoSuchMethodError'{0x00000007119a6820}: 'java.lang.Object java.lang.invoke.Invokers$Holder.linkToTargetMethod(java.lang.Object, long, java.lang.Object)'> (0x00000007119a6820) 
thrown [s\open\src\hotspot\share\interpreter\linkResolver.cpp, line 773]
Event: 0.685 Thread 0x0000017eac5b6390 Exception <a 'java/lang/NoSuchMethodError'{0x00000007119ad8e0}: 'int java.lang.invoke.DirectMethodHandle$Holder.invokeStaticInit(java.lang.Object, java.lang.Object, java.lang.Object, long)'> (0x00000007119ad8e0) 
thrown [s\open\src\hotspot\share\interpreter\linkResolver.cpp, line 773]
Event: 0.712 Thread 0x0000017eac5b6390 Exception <a 'sun/nio/fs/WindowsException'{0x0000000711607170}> (0x0000000711607170) 
thrown [s\open\src\hotspot\share\prims\jni.cpp, line 520]
Event: 0.712 Thread 0x0000017eac5b6390 Exception <a 'sun/nio/fs/WindowsException'{0x0000000711607500}> (0x0000000711607500) 
thrown [s\open\src\hotspot\share\prims\jni.cpp, line 520]

ZGC Phase Switch (0 events):
No events

VM Operations (6 events):
Event: 0.278 Executing VM operation: HandshakeAllThreads (Deoptimize)
Event: 0.278 Executing VM operation: HandshakeAllThreads (Deoptimize) done
Event: 0.626 Executing VM operation: HandshakeAllThreads (Deoptimize)
Event: 0.626 Executing VM operation: HandshakeAllThreads (Deoptimize) done
Event: 0.637 Executing VM operation: HandshakeAllThreads (Deoptimize)
Event: 0.637 Executing VM operation: HandshakeAllThreads (Deoptimize) done

Events (11 events):
Event: 0.075 Thread 0x0000017eac5b6390 Thread added: 0x0000017eac5b6390
Event: 0.099 Thread 0x0000017eccffd940 Thread added: 0x0000017eccffd940
Event: 0.100 Thread 0x0000017eccffed40 Thread added: 0x0000017eccffed40
Event: 0.101 Thread 0x0000017ecd004f70 Thread added: 0x0000017ecd004f70
Event: 0.101 Thread 0x0000017ecd0059d0 Thread added: 0x0000017ecd0059d0
Event: 0.101 Thread 0x0000017ecd006e50 Thread added: 0x0000017ecd006e50
Event: 0.101 Thread 0x0000017ecd00a060 Thread added: 0x0000017ecd00a060
Event: 0.101 Thread 0x0000017ecd019520 Thread added: 0x0000017ecd019520
Event: 0.102 Thread 0x0000017ecd01c770 Thread added: 0x0000017ecd01c770
Event: 0.246 Thread 0x0000017ecd277d40 Thread added: 0x0000017ecd277d40
Event: 0.251 Thread 0x0000017ecd285980 Thread added: 0x0000017ecd285980


Dynamic libraries:
0x00007ff607e50000 - 0x00007ff607e60000 	C:\Users\Kelly\Documents\Java\jdk-21.0.3\bin\javaw.exe
0x00007ffc2cc50000 - 0x00007ffc2ce48000 	C:\Windows\SYSTEM32\ntdll.dll
0x00007ffbf5330000 - 0x00007ffbf534a000 	C:\Program Files\Avast Software\Avast\aswhook.dll
0x00007ffc2b880000 - 0x00007ffc2b941000 	C:\Windows\System32\KERNEL32.DLL
0x00007ffc2a6c0000 - 0x00007ffc2a9b6000 	C:\Windows\System32\KERNELBASE.dll
0x00007ffc2a330000 - 0x00007ffc2a430000 	C:\Windows\System32\ucrtbase.dll
0x00007ffc1c930000 - 0x00007ffc1c949000 	C:\Users\Kelly\Documents\Java\jdk-21.0.3\bin\jli.dll
0x00007ffc2b0f0000 - 0x00007ffc2b1a0000 	C:\Windows\System32\ADVAPI32.dll
0x00007ffc2c9f0000 - 0x00007ffc2ca8e000 	C:\Windows\System32\msvcrt.dll
0x00007ffc2b770000 - 0x00007ffc2b810000 	C:\Windows\System32\sechost.dll
0x00007ffc2b2d0000 - 0x00007ffc2b3f3000 	C:\Windows\System32\RPCRT4.dll
0x00007ffc2ac50000 - 0x00007ffc2ac77000 	C:\Windows\System32\bcrypt.dll
0x00007ffc2b400000 - 0x00007ffc2b59f000 	C:\Windows\System32\USER32.dll
0x00007ffc2a300000 - 0x00007ffc2a322000 	C:\Windows\System32\win32u.dll
0x00007ffc2c9c0000 - 0x00007ffc2c9eb000 	C:\Windows\System32\GDI32.dll
0x00007ffc2ab30000 - 0x00007ffc2ac47000 	C:\Windows\System32\gdi32full.dll
0x00007ffc2a620000 - 0x00007ffc2a6bd000 	C:\Windows\System32\msvcp_win.dll
0x00007ffc1ca40000 - 0x00007ffc1ca5b000 	C:\Users\Kelly\Documents\Java\jdk-21.0.3\bin\VCRUNTIME140.dll
0x00007ffc19270000 - 0x00007ffc1950a000 	C:\Windows\WinSxS\amd64_microsoft.windows.common-controls_6595b64144ccf1df_6.0.19041.4355_none_60b8b9eb71f62e16\COMCTL32.dll
0x00007ffc17420000 - 0x00007ffc1742a000 	C:\Windows\SYSTEM32\VERSION.dll
0x00007ffc2b1c0000 - 0x00007ffc2b1ef000 	C:\Windows\System32\IMM32.DLL
0x00007ffc1d4f0000 - 0x00007ffc1d4fc000 	C:\Users\Kelly\Documents\Java\jdk-21.0.3\bin\vcruntime140_1.dll
0x00007ffbf76c0000 - 0x00007ffbf774e000 	C:\Users\Kelly\Documents\Java\jdk-21.0.3\bin\msvcp140.dll
0x00007ffba8a40000 - 0x00007ffba974d000 	C:\Users\Kelly\Documents\Java\jdk-21.0.3\bin\server\jvm.dll
0x00007ffc2b810000 - 0x00007ffc2b87b000 	C:\Windows\System32\WS2_32.dll
0x00007ffc29840000 - 0x00007ffc2988b000 	C:\Windows\SYSTEM32\POWRPROF.dll
0x00007ffc17200000 - 0x00007ffc17227000 	C:\Windows\SYSTEM32\WINMM.dll
0x00007ffc296b0000 - 0x00007ffc296c2000 	C:\Windows\SYSTEM32\UMPDC.dll
0x00007ffc28140000 - 0x00007ffc28152000 	C:\Windows\SYSTEM32\kernel.appcore.dll
0x00007ffc1ca30000 - 0x00007ffc1ca3a000 	C:\Users\Kelly\Documents\Java\jdk-21.0.3\bin\jimage.dll
0x00007ffc23330000 - 0x00007ffc23514000 	C:\Windows\SYSTEM32\DBGHELP.DLL
0x00007ffc1d750000 - 0x00007ffc1d784000 	C:\Windows\SYSTEM32\dbgcore.DLL
0x00007ffc2a430000 - 0x00007ffc2a4b2000 	C:\Windows\System32\bcryptPrimitives.dll
0x00007ffc1b180000 - 0x00007ffc1b19f000 	C:\Users\Kelly\Documents\Java\jdk-21.0.3\bin\java.dll
0x00007ffc2bea0000 - 0x00007ffc2c60c000 	C:\Windows\System32\SHELL32.dll
0x00007ffc28340000 - 0x00007ffc28ade000 	C:\Windows\SYSTEM32\windows.storage.dll
0x00007ffc2b9b0000 - 0x00007ffc2bd03000 	C:\Windows\System32\combase.dll
0x00007ffc29c40000 - 0x00007ffc29c6e000 	C:\Windows\SYSTEM32\Wldp.dll
0x00007ffc2bdd0000 - 0x00007ffc2be9d000 	C:\Windows\System32\OLEAUT32.dll
0x00007ffc2bd10000 - 0x00007ffc2bdbd000 	C:\Windows\System32\SHCORE.dll
0x00007ffc2b950000 - 0x00007ffc2b9a5000 	C:\Windows\System32\shlwapi.dll
0x00007ffc2a230000 - 0x00007ffc2a254000 	C:\Windows\SYSTEM32\profapi.dll
0x00007ffbf3810000 - 0x00007ffbf38e7000 	C:\Users\Kelly\Documents\Java\jdk-21.0.3\bin\jsvml.dll
0x00007ffc1c5b0000 - 0x00007ffc1c5c0000 	C:\Users\Kelly\Documents\Java\jdk-21.0.3\bin\net.dll
0x00007ffc22d80000 - 0x00007ffc22e8a000 	C:\Windows\SYSTEM32\WINHTTP.dll
0x00007ffc29a20000 - 0x00007ffc29a8a000 	C:\Windows\system32\mswsock.dll
0x00007ffc17fb0000 - 0x00007ffc17fc6000 	C:\Users\Kelly\Documents\Java\jdk-21.0.3\bin\nio.dll
0x00007ffc18e70000 - 0x00007ffc18e88000 	C:\Users\Kelly\Documents\Java\jdk-21.0.3\bin\zip.dll
0x00007ffc1d590000 - 0x00007ffc1d5a0000 	C:\Users\Kelly\Documents\Java\jdk-21.0.3\bin\verify.dll
0x00007ffbf36a0000 - 0x00007ffbf3715000 	C:\Users\Kelly\AppData\Local\Temp\lwjglKelly\3.3.1-build-7\lwjgl.dll
0x00007ffc02c00000 - 0x00007ffc02c5d000 	C:\Users\Kelly\AppData\Local\Temp\lwjglKelly\3.3.1-build-7\lwjgl_opengl.dll
0x00007ffc0f650000 - 0x00007ffc0f778000 	C:\Windows\SYSTEM32\opengl32.dll
0x00007ffc17de0000 - 0x00007ffc17e0c000 	C:\Windows\SYSTEM32\GLU32.dll
0x00007ffbd7cc0000 - 0x00007ffbd7f19000 	C:\Users\Kelly\AppData\Local\Temp\lwjglKelly\3.3.1-build-7\jemalloc.dll

dbghelp: loaded successfully - version: 4.0.5 - missing functions: none
symbol engine: initialized successfully - sym options: 0x614 - pdb path: .;C:\Users\Kelly\Documents\Java\jdk-21.0.3\bin;C:\Windows\SYSTEM32;C:\Program Files\Avast Software\Avast;C:\Windows\WinSxS\amd64_microsoft.windows.common-controls_6595b64144ccf1df_6.0.19041.4355_none_60b8b9eb71f62e16;C:\Users\Kelly\Documents\Java\jdk-21.0.3\bin\server;C:\Users\Kelly\AppData\Local\Temp\lwjglKelly\3.3.1-build-7

VM Arguments:
jvm_args: -Dfile.encoding=UTF-8 -Dstdout.encoding=UTF-8 -Dstderr.encoding=UTF-8 -XX:+ShowCodeDetailsInExceptionMessages 
java_command: shaderNew.Main
java_class_path (initial): C:\Users\Kelly\Documents\Workspace\EclipseProjects24\FinalProgra\lib\bin\main;C:\Users\Kelly\Documents\Workspace\EclipseProjects24\gradle-8.8-bin\caches\modules-2\files-2.1\org.jmonkeyengine\jme3-lwjgl3\3.3.2-stable\52fbd0b36b12113a8ecb0f2d05ba6134bd7852ed\jme3-lwjgl3-3.3.2-stable.jar;C:\Users\Kelly\Documents\Workspace\EclipseProjects24\gradle-8.8-bin\caches\modules-2\files-2.1\org.lwjgl\lwjgl-glfw\3.3.1\cbac1b8d30cb4795149c1ef540f912671a8616d0\lwjgl-glfw-3.3.1.jar;C:\Users\Kelly\Documents\Workspace\EclipseProjects24\gradle-8.8-bin\caches\modules-2\files-2.1\org.lwjgl\lwjgl-opengl\3.3.1\831a5533a21a5f4f81bbc51bb13e9899319b5411\lwjgl-opengl-3.3.1.jar;C:\Users\Kelly\Documents\Workspace\EclipseProjects24\gradle-8.8-bin\caches\modules-2\files-2.1\org.lwjgl\lwjgl-stb\3.3.1\b119297cf8ed01f247abe8685857f8e7fcf5980f\lwjgl-stb-3.3.1.jar;C:\Users\Kelly\Documents\Workspace\EclipseProjects24\gradle-8.8-bin\caches\modules-2\files-2.1\org.lwjgl\lwjgl-jemalloc\3.3.1\a817bcf213db49f710603677457567c37d53e103\lwjgl-jemalloc-3.3.1.jar;C:\Users\Kelly\Documents\Workspace\EclipseProjects24\gradle-8.8-bin\caches\modules-2\files-2.1\org.lwjgl\lwjgl-openal\3.2.3\106742e805803ab9eab8e343f0fb31a3d263903c\lwjgl-openal-3.2.3.jar;C:\Users\Kelly\Documents\Workspace\EclipseProjects24\gradle-8.8-bin\caches\modules-2\files-2.1\org.lwjgl\lwjgl-opencl\3.2.3\3061cd1e012ede64c606f64a5a3cf956dad7dc07\lwjgl-opencl-3.2.3.jar;C:\Users\Kelly\Documents\Workspace\EclipseProjects24\gradle-8.8-bin\caches\modules-2\files-2.1\org.lwjgl\lwjgl\3.3.1\ae58664f88e18a9bb2c77b063833ca7aaec484cb\lwjgl-3.3.1.jar;C:\Users\Kelly\Documents\Workspace\EclipseProjects24\gradle-8.8-bin\caches\modules-2\files-2.1\org.joml\joml\1.10.5\22566d58af70ad3d72308bab63b8339906deb649\joml-1.10.5.jar;C:\Users\Kelly\Documents\Workspace\EclipseProjects24\gradle-8.8-bin\caches\modules-2\files-2.1\org.jmonkeyengine\jme3-lwjgl\3.3.2-stable\9bade56a736bde0eb0055ff12f6687f99a257f8d\jme3-lwjgl-3.3.2-stable.jar;C:\Users\Kelly\Documents\Workspace\EclipseProjects24\gradle-8.8-bin\caches\modules-2\files-2.1\org.jmonkeyengine\jme3-desktop\3.3.2-stable\218560c7454055ce47d3b37e99af1490f22a9275\jme3-desktop-3.3.2-stable.jar;C:\Users\Kelly\Documents\Workspace\EclipseProjects24\gradle-8.8-bin\caches\modules-2\files-2.1\org.jmonkeyengine\jme3-effects\3.3.2-stable\c415dda7d9491d682a14fcb150091fd480e8b4c1\jme3-effects-3.3.2-stable.jar;C:\Users\Kelly\Documents\Workspace\EclipseProjects24\gradle-8.8-bin\caches\modules-2\files-2.1\org.jmonkeyengine\jme3-jogg\3.3.2-stable\a09f207c22164da9d0e87b66640ed9c12cbae860\jme3-jogg-3.3.2-stable.jar;C:\Users\Kelly\Documents\Workspace\EclipseProjects24\gradle-8.8-bin\caches\modules-2\files-2.1\org.jmonkeyengine\jme3-core\3.6.1-stable\8ebbe54ee193cfe301b625769311e41b61d1def4\jme3-core-3.6.1-stable.jar;C:\Users\Kelly\Documents\Workspace\EclipseProjects24\gradle-8.8-bin\caches\modules-2\files-2.1\org.lwjgl.lwjgl\lwjgl\2.9.3\3df168ac74e4a8c96562cdff24ad352e255bf89c\lwjgl-2.9.3.jar;C:\Users\Kelly\Documents\Workspace\EclipseProjects24\gradle-8.8-bin\caches\modules-2\files-2.1\de.jarnbjo\j-ogg-all\1.0.0\c74a3afb9ec805502baf9d0f0f15d7adaf84088b\j-ogg-all-1.0.0.jar;C:\Users\Kelly\Documents\Workspace\EclipseProjects24\gradle-8.8-bin\caches\modules-2\files-2.1\org.lwjgl.lwjgl\lwjgl-platform\2.9.3\fbc2afb3e288578e9942578decb6291a490549a0\lwjgl-platform-2.9.3-natives-windows.jar;C:\Users\Kelly\Documents\Workspace\EclipseProjects24\gradle-8.8-bin\caches\modules-2\files-2.1\org.lwjgl.lwjgl\lwjgl-platform\2.9.3\b1eafe80093381c56415731e1d64279e6140bcd0\lwjgl-platform-2.9.3-natives-linux.jar;C:\Users\Kelly\Documents\Workspace\EclipseProjects24\gradle-8.8-bin\caches\modules-2\files-2.1\org.lwjgl.lwjgl\lwjgl-platform\2.9.3\6686cf6ddaa20b4290aa6599a09bc0d17369be05\lwjgl-platform-2.9.3-natives-osx.jar;C:\Users\Kelly\Documents\Workspace\EclipseProjects24\gradle-8.8-bin\caches\modules-2\files-2.1\net.java.jinput\jinput\2.0.5\39c7796b469a600f72380316f6b1f11db6c2c7c4\jinput-2.0.5.jar;C:\Users\Kelly\Documents\Workspace\EclipseProjects24\gradle-8.8-bin\caches\modules-2\files-2.1\net.java.jutils\jutils\1.0.0\e12fe1fda814bd348c1579329c86943d2cd3c6a6\jutils-1.0.0.jar;C:\Users\Kelly\Documents\Workspace\EclipseProjects24\gradle-8.8-bin\caches\modules-2\files-2.1\org.lwjgl\lwjgl-glfw\3.3.1\ed892f945cf7e79c8756796f32d00fa4ceaf573b\lwjgl-glfw-3.3.1-natives-windows.jar;C:\Users\Kelly\Documents\Workspace\EclipseProjects24\gradle-8.8-bin\caches\modules-2\files-2.1\org.lwjgl\lwjgl-glfw\3.3.1\81716978214ecbda15050ca394b06ef61501a49e\lwjgl-glfw-3.3.1-natives-linux.jar;C:\Users\Kelly\Documents\Workspace\EclipseProjects24\gradle-8.8-bin\caches\modules-2\files-2.1\org.lwjgl\lwjgl-glfw\3.3.1\9ec4ce1fc8c85fdef03ef4ff2aace6f5775fb280\lwjgl-glfw-3.3.1-natives-macos.jar;C:\Users\Kelly\Documents\Workspace\EclipseProjects24\gradle-8.8-bin\caches\modules-2\files-2.1\org.lwjgl\lwjgl-opengl\3.3.1\c1807e9bd571402787d7e37e3029776ae2513bb8\lwjgl-opengl-3.3.1-natives-windows.jar;C:\Users\Kelly\Documents\Workspace\EclipseProjects24\gradle-8.8-bin\caches\modules-2\files-2.1\org.lwjgl\lwjgl-opengl\3.3.1\ab9ab6fde3743e3550fa5d46d785ecb45b047d99\lwjgl-opengl-3.3.1-natives-linux.jar;C:\Users\Kelly\Documents\Workspace\EclipseProjects24\gradle-8.8-bin\caches\modules-2\files-2.1\org.lwjgl\lwjgl-opengl\3.3.1\a0d12697ea019a7362eff26475b0531340e876a6\lwjgl-opengl-3.3.1-natives-macos.jar;C:\Users\Kelly\Documents\Workspace\EclipseProjects24\gradle-8.8-bin\caches\modules-2\files-2.1\org.lwjgl\lwjgl-jemalloc\3.3.1\948a89b76a16aa324b046ae9308891216ffce5f9\lwjgl-jemalloc-3.3.1-natives-windows.jar;C:\Users\Kelly\Documents\Workspace\EclipseProjects24\gradle-8.8-bin\caches\modules-2\files-2.1\org.lwjgl\lwjgl-jemalloc\3.3.1\33dbb017b6ed6b25f993ad9d56741a49e7937718\lwjgl-jemalloc-3.3.1-natives-linux.jar;C:\Users\Kelly\Documents\Workspace\EclipseProjects24\gradle-8.8-bin\caches\modules-2\files-2.1\org.lwjgl\lwjgl-jemalloc\3.3.1\56424dc8db3cfb8e7b594aa6d59a4f4387b7f544\lwjgl-jemalloc-3.3.1-natives-macos.jar;C:\Users\Kelly\Documents\Workspace\EclipseProjects24\gradle-8.8-bin\caches\modules-2\files-2.1\org.lwjgl\lwjgl-openal\3.2.3\ec898e8ce11b5886f4f532a1536283ef2817758d\lwjgl-openal-3.2.3-natives-windows.jar;C:\Users\Kelly\Documents\Workspace\EclipseProjects24\gradle-8.8-bin\caches\modules-2\files-2.1\org.lwjgl\lwjgl-openal\3.2.3\869ddd9dbbf92a7d1be7f5942ca0adbde068d999\lwjgl-openal-3.2.3-natives-linux.jar;C:\Users\Kelly\Documents\Workspace\EclipseProjects24\gradle-8.8-bin\caches\modules-2\files-2.1\org.lwjgl\lwjgl-openal\3.2.3\67ddd2a090589dfe6c4659d7f8b125b43f7b822b\lwjgl-openal-3.2.3-natives-macos.jar;C:\Users\Kelly\Documents\Workspace\EclipseProjects24\gradle-8.8-bin\caches\modules-2\files-2.1\org.lwjgl\lwjgl\3.3.1\36c37f16ab611b3aa11f3bcf80b1d509b4ce6b\lwjgl-3.3.1-natives-windows.jar;C:\Users\Kelly\Documents\Workspace\EclipseProjects24\gradle-8.8-bin\caches\modules-2\files-2.1\org.lwjgl\lwjgl\3.3.1\1de885aba434f934201b99f2f1afb142036ac189\lwjgl-3.3.1-natives-linux.jar;C:\Users\Kelly\Documents\Workspace\EclipseProjects24\gradle-8.8-bin\caches\modules-2\files-2.1\org.lwjgl\lwjgl\3.3.1\fc6bb723dec2cd031557dccb2a95f0ab80acb9db\lwjgl-3.3.1-natives-macos.jar;C:\Users\Kelly\Documents\Workspace\EclipseProjects24\gradle-8.8-bin\caches\modules-2\files-2.1\net.java.jinput\jinput-platform\2.0.5\7ff832a6eb9ab6a767f1ade2b548092d0fa64795\jinput-platform-2.0.5-natives-linux.jar;C:\Users\Kelly\Documents\Workspace\EclipseProjects24\gradle-8.8-bin\caches\modules-2\files-2.1\net.java.jinput\jinput-platform\2.0.5\385ee093e01f587f30ee1c8a2ee7d408fd732e16\jinput-platform-2.0.5-natives-windows.jar;C:\Users\Kelly\Documents\Workspace\EclipseProjects24\gradle-8.8-bin\caches\modules-2\files-2.1\net.java.jinput\jinput-platform\2.0.5\53f9c919f34d2ca9de8c51fc4e1e8282029a9232\jinput-platform-2.0.5-natives-osx.jar
Launcher Type: SUN_STANDARD

[Global flags]
     intx CICompilerCount                          = 3                                         {product} {ergonomic}
     uint ConcGCThreads                            = 1                                         {product} {ergonomic}
     uint G1ConcRefinementThreads                  = 4                                         {product} {ergonomic}
   size_t G1HeapRegionSize                         = 2097152                                   {product} {ergonomic}
    uintx GCDrainStackTargetSize                   = 64                                        {product} {ergonomic}
   size_t InitialHeapSize                          = 268435456                                 {product} {ergonomic}
   size_t MarkStackSize                            = 4194304                                   {product} {ergonomic}
   size_t MaxHeapSize                              = 4263510016                                {product} {ergonomic}
   size_t MaxNewSize                               = 2556428288                                {product} {ergonomic}
   size_t MinHeapDeltaBytes                        = 2097152                                   {product} {ergonomic}
   size_t MinHeapSize                              = 8388608                                   {product} {ergonomic}
    uintx NonNMethodCodeHeapSize                   = 5832780                                {pd product} {ergonomic}
    uintx NonProfiledCodeHeapSize                  = 122912730                              {pd product} {ergonomic}
    uintx ProfiledCodeHeapSize                     = 122912730                              {pd product} {ergonomic}
    uintx ReservedCodeCacheSize                    = 251658240                              {pd product} {ergonomic}
     bool SegmentedCodeCache                       = true                                      {product} {ergonomic}
     bool ShowCodeDetailsInExceptionMessages       = true                                   {manageable} {command line}
   size_t SoftMaxHeapSize                          = 4263510016                             {manageable} {ergonomic}
     bool UseCompressedOops                        = true                           {product lp64_product} {ergonomic}
     bool UseG1GC                                  = true                                      {product} {ergonomic}
     bool UseLargePagesIndividualAllocation        = false                                  {pd product} {ergonomic}

Logging:
Log output configuration:
 #0: stdout all=warning uptime,level,tags foldmultilines=false
 #1: stderr all=off uptime,level,tags foldmultilines=false

Environment Variables:
PATH=C:/Users/Kelly/.p2/pool/plugins/org.eclipse.justj.openjdk.hotspot.jre.full.win32.x86_64_22.0.1.v20240426-1149/jre/bin/server;C:/Users/Kelly/.p2/pool/plugins/org.eclipse.justj.openjdk.hotspot.jre.full.win32.x86_64_22.0.1.v20240426-1149/jre/bin;C:\Program Files (x86)\Intel\iCLS Client\;C:\Program Files\Intel\iCLS Client\;C:\Program Files\Common Files\Oracle\Java\javapath;C:\Windows\system32;C:\Windows;C:\Windows\System32\Wbem;C:\Windows\System32\WindowsPowerShell\v1.0\;C:\Windows\System32\OpenSSH\;C:\Program Files\dotnet\;C:\Program Files (x86)\Intel\Intel(R) Management Engine Components\DAL;C:\Program Files\Intel\Intel(R) Management Engine Components\DAL;C:\Program Files (x86)\Intel\Intel(R) Management Engine Components\IPT;C:\Program Files\Intel\Intel(R) Management Engine Components\IPT;C:\Program Files\MATLAB\R2022a\bin;C:\Program Files (x86)\Microsoft SQL Server\160\Tools\Binn\;C:\Program Files\Microsoft SQL Server\160\Tools\Binn\;C:\Program Files\Microsoft SQL Server\Client SDK\ODBC\170\Tools\Binn\;C:\Program Files\Microsoft SQL Server\160\DTS\Binn\;C:\Program Files (x86)\Microsoft SQL Server\160\DTS\Binn\;C:\Program Files\Azure Data Studio\bin;C:\Program Files\Docker\Docker\resources\bin;C:\Program Files\nodejs\;C:\Program Files\Git\cmd;C:\Users\Kelly\AppData\Local\Programs\Python\Python311\Scripts\;C:\Users\Kelly\AppData\Local\Programs\Python\Python311\;C:\Users\Kelly\AppData\Local\Microsoft\WindowsApps;;C:\Users\Kelly\AppData\Local\Programs\Microsoft VS Code\bin;C:\Program Files\Azure Data Studio\bin;C:\Users\Kelly\AppData\Roaming\npm;C:\Users\Kelly\AppData\Local\Programs\mongosh\;C:\Windows\System32;
USERNAME=Kelly
OS=Windows_NT
PROCESSOR_IDENTIFIER=Intel64 Family 6 Model 61 Stepping 4, GenuineIntel
TMP=C:\Users\Kelly\AppData\Local\Temp
TEMP=C:\Users\Kelly\AppData\Local\Temp




Periodic native trim disabled

---------------  S Y S T E M  ---------------

OS:
 Windows 10 , 64 bit Build 19041 (10.0.19041.4597)
OS uptime: 9 days 18:38 hours
Hyper-V role detected

CPU: total 4 (initial active 4) (2 cores per cpu, 2 threads per core) family 6 model 61 stepping 4 microcode 0x2f, cx8, cmov, fxsr, ht, mmx, 3dnowpref, sse, sse2, sse3, ssse3, sse4.1, sse4.2, popcnt, lzcnt, tsc, tscinvbit, avx, avx2, aes, erms, clmul, bmi1, bmi2, rtm, adx, fma, vzeroupper, clflush, hv, rdtscp, f16c
Processor Information for all 4 processors :
  Max Mhz: 2295, Current Mhz: 2295, Mhz Limit: 2295

Memory: 4k page, system-wide physical 16256M (6500M free)
TotalPageFile size 20156M (AvailPageFile size 6560M)
current process WorkingSet (physical memory assigned to process): 51M, peak: 51M
current process commit charge ("private bytes"): 347M, peak: 347M

vm_info: Java HotSpot(TM) 64-Bit Server VM (21.0.3+7-LTS-152) for windows-amd64 JRE (21.0.3+7-LTS-152), built on 2024-03-11T17:42:26Z by "mach5one" with MS VC++ 17.6 (VS2022)

END.
